2022-04-13 17:20:18,676 INFO org.springframework.orm.jpa.AbstractEntityManagerFactoryBean [Thread-91] Closing JPA EntityManagerFactory for persistence unit 'default'
2022-04-13 17:20:18,684 INFO com.zaxxer.hikari.HikariDataSource [Thread-91] HikariPool-23 - Shutdown initiated...
2022-04-13 17:20:18,685 INFO com.zaxxer.hikari.HikariDataSource [Thread-91] HikariPool-23 - Shutdown completed.
2022-04-13 17:20:18,873 INFO org.springframework.boot.StartupInfoLogger [restartedMain] Starting OnlinecourseApplication using Java 17.0.2 on FSTAdmins-MacBook-Pro.local with PID 6658 (/Users/fst.user/Documents/workspace-spring-tool-suite-4-4.14.0.RELEASE/onlinecourse/target/classes started by fst.user in /Users/fst.user/Documents/workspace-spring-tool-suite-4-4.14.0.RELEASE/onlinecourse)
2022-04-13 17:20:18,873 INFO org.springframework.boot.SpringApplication [restartedMain] No active profile set, falling back to 1 default profile: "default"
2022-04-13 17:20:18,920 INFO org.springframework.data.repository.config.RepositoryConfigurationDelegate [restartedMain] Bootstrapping Spring Data JPA repositories in DEFAULT mode.
2022-04-13 17:20:18,927 INFO org.springframework.data.repository.config.RepositoryConfigurationDelegate [restartedMain] Finished Spring Data repository scanning in 7 ms. Found 5 JPA repository interfaces.
2022-04-13 17:20:18,946 INFO org.springframework.boot.web.embedded.tomcat.TomcatWebServer [restartedMain] Tomcat initialized with port(s): 8080 (http)
2022-04-13 17:20:18,946 INFO org.apache.juli.logging.DirectJDKLog [restartedMain] Initializing ProtocolHandler ["http-nio-8080"]
2022-04-13 17:20:18,946 INFO org.apache.juli.logging.DirectJDKLog [restartedMain] Starting service [Tomcat]
2022-04-13 17:20:18,946 INFO org.apache.juli.logging.DirectJDKLog [restartedMain] Starting Servlet engine: [Apache Tomcat/9.0.60]
2022-04-13 17:20:18,949 INFO org.apache.juli.logging.DirectJDKLog [restartedMain] Initializing Spring embedded WebApplicationContext
2022-04-13 17:20:18,950 INFO org.springframework.boot.web.servlet.context.ServletWebServerApplicationContext [restartedMain] Root WebApplicationContext: initialization completed in 76 ms
2022-04-13 17:20:18,956 INFO com.zaxxer.hikari.HikariDataSource [restartedMain] HikariPool-24 - Starting...
2022-04-13 17:20:18,960 INFO com.zaxxer.hikari.HikariDataSource [restartedMain] HikariPool-24 - Start completed.
2022-04-13 17:20:18,961 INFO org.hibernate.jpa.internal.util.LogHelper [restartedMain] HHH000204: Processing PersistenceUnitInfo [name: default]
2022-04-13 17:20:18,962 INFO org.hibernate.dialect.Dialect [restartedMain] HHH000400: Using dialect: org.hibernate.dialect.MySQL8Dialect
2022-04-13 17:20:18,974 INFO org.hibernate.engine.transaction.jta.platform.internal.JtaPlatformInitiator [restartedMain] HHH000490: Using JtaPlatform implementation: [org.hibernate.engine.transaction.jta.platform.internal.NoJtaPlatform]
2022-04-13 17:20:18,974 INFO org.springframework.orm.jpa.AbstractEntityManagerFactoryBean [restartedMain] Initialized JPA EntityManagerFactory for persistence unit 'default'
2022-04-13 17:20:19,014 WARN org.springframework.boot.autoconfigure.orm.jpa.JpaBaseConfiguration$JpaWebConfiguration [restartedMain] spring.jpa.open-in-view is enabled by default. Therefore, database queries may be performed during view rendering. Explicitly configure spring.jpa.open-in-view to disable this warning
2022-04-13 17:20:19,020 INFO org.springframework.security.web.DefaultSecurityFilterChain [restartedMain] Will not secure any request
2022-04-13 17:20:19,029 INFO org.springframework.boot.autoconfigure.web.servlet.WelcomePageHandlerMapping [restartedMain] Adding welcome page: class path resource [static/index.html]
2022-04-13 17:20:19,035 INFO org.springframework.boot.devtools.autoconfigure.OptionalLiveReloadServer [restartedMain] LiveReload server is running on port 35729
2022-04-13 17:20:19,037 INFO org.apache.juli.logging.DirectJDKLog [restartedMain] Starting ProtocolHandler ["http-nio-8080"]
2022-04-13 17:20:19,037 INFO org.springframework.boot.web.embedded.tomcat.TomcatWebServer [restartedMain] Tomcat started on port(s): 8080 (http) with context path '/onlinecourse'
2022-04-13 17:20:19,038 INFO org.springframework.boot.StartupInfoLogger [restartedMain] Started OnlinecourseApplication in 0.303 seconds (JVM running for 11973.561)
2022-04-13 17:20:19,039 INFO org.springframework.boot.devtools.autoconfigure.ConditionEvaluationDeltaLoggingListener [restartedMain] Condition evaluation unchanged
2022-04-13 17:21:16,226 INFO org.springframework.orm.jpa.AbstractEntityManagerFactoryBean [Thread-95] Closing JPA EntityManagerFactory for persistence unit 'default'
2022-04-13 17:21:16,226 INFO com.zaxxer.hikari.HikariDataSource [Thread-95] HikariPool-24 - Shutdown initiated...
2022-04-13 17:21:16,227 INFO com.zaxxer.hikari.HikariDataSource [Thread-95] HikariPool-24 - Shutdown completed.
2022-04-13 17:21:16,286 INFO org.springframework.boot.StartupInfoLogger [restartedMain] Starting OnlinecourseApplication using Java 17.0.2 on FSTAdmins-MacBook-Pro.local with PID 6658 (/Users/fst.user/Documents/workspace-spring-tool-suite-4-4.14.0.RELEASE/onlinecourse/target/classes started by fst.user in /Users/fst.user/Documents/workspace-spring-tool-suite-4-4.14.0.RELEASE/onlinecourse)
2022-04-13 17:21:16,286 INFO org.springframework.boot.SpringApplication [restartedMain] No active profile set, falling back to 1 default profile: "default"
2022-04-13 17:21:16,321 INFO org.springframework.data.repository.config.RepositoryConfigurationDelegate [restartedMain] Bootstrapping Spring Data JPA repositories in DEFAULT mode.
2022-04-13 17:21:16,329 INFO org.springframework.data.repository.config.RepositoryConfigurationDelegate [restartedMain] Finished Spring Data repository scanning in 7 ms. Found 5 JPA repository interfaces.
2022-04-13 17:21:16,346 INFO org.springframework.boot.web.embedded.tomcat.TomcatWebServer [restartedMain] Tomcat initialized with port(s): 8080 (http)
2022-04-13 17:21:16,346 INFO org.apache.juli.logging.DirectJDKLog [restartedMain] Initializing ProtocolHandler ["http-nio-8080"]
2022-04-13 17:21:16,346 INFO org.apache.juli.logging.DirectJDKLog [restartedMain] Starting service [Tomcat]
2022-04-13 17:21:16,346 INFO org.apache.juli.logging.DirectJDKLog [restartedMain] Starting Servlet engine: [Apache Tomcat/9.0.60]
2022-04-13 17:21:16,349 INFO org.apache.juli.logging.DirectJDKLog [restartedMain] Initializing Spring embedded WebApplicationContext
2022-04-13 17:21:16,349 INFO org.springframework.boot.web.servlet.context.ServletWebServerApplicationContext [restartedMain] Root WebApplicationContext: initialization completed in 62 ms
2022-04-13 17:21:16,357 INFO com.zaxxer.hikari.HikariDataSource [restartedMain] HikariPool-25 - Starting...
2022-04-13 17:21:16,360 INFO com.zaxxer.hikari.HikariDataSource [restartedMain] HikariPool-25 - Start completed.
2022-04-13 17:21:16,361 INFO org.hibernate.jpa.internal.util.LogHelper [restartedMain] HHH000204: Processing PersistenceUnitInfo [name: default]
2022-04-13 17:21:16,362 INFO org.hibernate.dialect.Dialect [restartedMain] HHH000400: Using dialect: org.hibernate.dialect.MySQL8Dialect
2022-04-13 17:21:16,373 INFO org.hibernate.engine.transaction.jta.platform.internal.JtaPlatformInitiator [restartedMain] HHH000490: Using JtaPlatform implementation: [org.hibernate.engine.transaction.jta.platform.internal.NoJtaPlatform]
2022-04-13 17:21:16,373 INFO org.springframework.orm.jpa.AbstractEntityManagerFactoryBean [restartedMain] Initialized JPA EntityManagerFactory for persistence unit 'default'
2022-04-13 17:21:16,415 WARN org.springframework.boot.autoconfigure.orm.jpa.JpaBaseConfiguration$JpaWebConfiguration [restartedMain] spring.jpa.open-in-view is enabled by default. Therefore, database queries may be performed during view rendering. Explicitly configure spring.jpa.open-in-view to disable this warning
2022-04-13 17:21:16,422 INFO org.springframework.security.web.DefaultSecurityFilterChain [restartedMain] Will not secure any request
2022-04-13 17:21:16,431 INFO org.springframework.boot.autoconfigure.web.servlet.WelcomePageHandlerMapping [restartedMain] Adding welcome page: class path resource [static/index.html]
2022-04-13 17:21:16,438 INFO org.springframework.boot.devtools.autoconfigure.OptionalLiveReloadServer [restartedMain] LiveReload server is running on port 35729
2022-04-13 17:21:16,439 INFO org.apache.juli.logging.DirectJDKLog [restartedMain] Starting ProtocolHandler ["http-nio-8080"]
2022-04-13 17:21:16,440 INFO org.springframework.boot.web.embedded.tomcat.TomcatWebServer [restartedMain] Tomcat started on port(s): 8080 (http) with context path '/onlinecourse'
2022-04-13 17:21:16,441 INFO org.springframework.boot.StartupInfoLogger [restartedMain] Started OnlinecourseApplication in 0.164 seconds (JVM running for 12030.963)
2022-04-13 17:21:16,441 INFO org.springframework.boot.devtools.autoconfigure.ConditionEvaluationDeltaLoggingListener [restartedMain] Condition evaluation unchanged
2022-04-13 17:23:02,359 INFO org.springframework.orm.jpa.AbstractEntityManagerFactoryBean [Thread-99] Closing JPA EntityManagerFactory for persistence unit 'default'
2022-04-13 17:23:02,360 INFO com.zaxxer.hikari.HikariDataSource [Thread-99] HikariPool-25 - Shutdown initiated...
2022-04-13 17:23:02,361 INFO com.zaxxer.hikari.HikariDataSource [Thread-99] HikariPool-25 - Shutdown completed.
2022-04-13 17:23:02,557 INFO org.springframework.boot.StartupInfoLogger [restartedMain] Starting OnlinecourseApplication using Java 17.0.2 on FSTAdmins-MacBook-Pro.local with PID 6658 (/Users/fst.user/Documents/workspace-spring-tool-suite-4-4.14.0.RELEASE/onlinecourse/target/classes started by fst.user in /Users/fst.user/Documents/workspace-spring-tool-suite-4-4.14.0.RELEASE/onlinecourse)
2022-04-13 17:23:02,557 INFO org.springframework.boot.SpringApplication [restartedMain] No active profile set, falling back to 1 default profile: "default"
2022-04-13 17:23:02,612 INFO org.springframework.data.repository.config.RepositoryConfigurationDelegate [restartedMain] Bootstrapping Spring Data JPA repositories in DEFAULT mode.
2022-04-13 17:23:02,619 INFO org.springframework.data.repository.config.RepositoryConfigurationDelegate [restartedMain] Finished Spring Data repository scanning in 7 ms. Found 5 JPA repository interfaces.
2022-04-13 17:23:02,638 INFO org.springframework.boot.web.embedded.tomcat.TomcatWebServer [restartedMain] Tomcat initialized with port(s): 8080 (http)
2022-04-13 17:23:02,638 INFO org.apache.juli.logging.DirectJDKLog [restartedMain] Initializing ProtocolHandler ["http-nio-8080"]
2022-04-13 17:23:02,638 INFO org.apache.juli.logging.DirectJDKLog [restartedMain] Starting service [Tomcat]
2022-04-13 17:23:02,638 INFO org.apache.juli.logging.DirectJDKLog [restartedMain] Starting Servlet engine: [Apache Tomcat/9.0.60]
2022-04-13 17:23:02,642 INFO org.apache.juli.logging.DirectJDKLog [restartedMain] Initializing Spring embedded WebApplicationContext
2022-04-13 17:23:02,642 INFO org.springframework.boot.web.servlet.context.ServletWebServerApplicationContext [restartedMain] Root WebApplicationContext: initialization completed in 84 ms
2022-04-13 17:23:02,651 INFO com.zaxxer.hikari.HikariDataSource [restartedMain] HikariPool-26 - Starting...
2022-04-13 17:23:02,655 INFO com.zaxxer.hikari.HikariDataSource [restartedMain] HikariPool-26 - Start completed.
2022-04-13 17:23:02,656 INFO org.hibernate.jpa.internal.util.LogHelper [restartedMain] HHH000204: Processing PersistenceUnitInfo [name: default]
2022-04-13 17:23:02,657 INFO org.hibernate.dialect.Dialect [restartedMain] HHH000400: Using dialect: org.hibernate.dialect.MySQL8Dialect
2022-04-13 17:23:02,668 INFO org.hibernate.engine.transaction.jta.platform.internal.JtaPlatformInitiator [restartedMain] HHH000490: Using JtaPlatform implementation: [org.hibernate.engine.transaction.jta.platform.internal.NoJtaPlatform]
