2022-04-13 15:10:10,416 INFO org.springframework.orm.jpa.AbstractEntityManagerFactoryBean [Thread-51] Closing JPA EntityManagerFactory for persistence unit 'default'
2022-04-13 15:10:10,423 INFO com.zaxxer.hikari.HikariDataSource [Thread-51] HikariPool-13 - Shutdown initiated...
2022-04-13 15:10:10,424 INFO com.zaxxer.hikari.HikariDataSource [Thread-51] HikariPool-13 - Shutdown completed.
2022-04-13 15:10:10,469 INFO org.springframework.boot.StartupInfoLogger [restartedMain] Starting OnlinecourseApplication using Java 17.0.2 on FSTAdmins-MacBook-Pro.local with PID 6658 (/Users/fst.user/Documents/workspace-spring-tool-suite-4-4.14.0.RELEASE/onlinecourse/target/classes started by fst.user in /Users/fst.user/Documents/workspace-spring-tool-suite-4-4.14.0.RELEASE/onlinecourse)
2022-04-13 15:10:10,470 INFO org.springframework.boot.SpringApplication [restartedMain] No active profile set, falling back to 1 default profile: "default"
2022-04-13 15:10:10,512 INFO org.springframework.data.repository.config.RepositoryConfigurationDelegate [restartedMain] Bootstrapping Spring Data JPA repositories in DEFAULT mode.
2022-04-13 15:10:10,519 INFO org.springframework.data.repository.config.RepositoryConfigurationDelegate [restartedMain] Finished Spring Data repository scanning in 6 ms. Found 5 JPA repository interfaces.
2022-04-13 15:10:10,536 INFO org.springframework.boot.web.embedded.tomcat.TomcatWebServer [restartedMain] Tomcat initialized with port(s): 8080 (http)
2022-04-13 15:10:10,537 INFO org.apache.juli.logging.DirectJDKLog [restartedMain] Initializing ProtocolHandler ["http-nio-8080"]
2022-04-13 15:10:10,537 INFO org.apache.juli.logging.DirectJDKLog [restartedMain] Starting service [Tomcat]
2022-04-13 15:10:10,537 INFO org.apache.juli.logging.DirectJDKLog [restartedMain] Starting Servlet engine: [Apache Tomcat/9.0.60]
2022-04-13 15:10:10,540 INFO org.apache.juli.logging.DirectJDKLog [restartedMain] Initializing Spring embedded WebApplicationContext
2022-04-13 15:10:10,540 INFO org.springframework.boot.web.servlet.context.ServletWebServerApplicationContext [restartedMain] Root WebApplicationContext: initialization completed in 70 ms
2022-04-13 15:10:10,547 INFO com.zaxxer.hikari.HikariDataSource [restartedMain] HikariPool-14 - Starting...
2022-04-13 15:10:10,550 INFO com.zaxxer.hikari.HikariDataSource [restartedMain] HikariPool-14 - Start completed.
2022-04-13 15:10:10,552 INFO org.hibernate.jpa.internal.util.LogHelper [restartedMain] HHH000204: Processing PersistenceUnitInfo [name: default]
2022-04-13 15:10:10,553 INFO org.hibernate.dialect.Dialect [restartedMain] HHH000400: Using dialect: org.hibernate.dialect.MySQL8Dialect
2022-04-13 15:10:10,565 INFO org.hibernate.engine.transaction.jta.platform.internal.JtaPlatformInitiator [restartedMain] HHH000490: Using JtaPlatform implementation: [org.hibernate.engine.transaction.jta.platform.internal.NoJtaPlatform]
2022-04-13 15:10:10,565 INFO org.springframework.orm.jpa.AbstractEntityManagerFactoryBean [restartedMain] Initialized JPA EntityManagerFactory for persistence unit 'default'
2022-04-13 15:10:10,614 WARN org.springframework.boot.autoconfigure.orm.jpa.JpaBaseConfiguration$JpaWebConfiguration [restartedMain] spring.jpa.open-in-view is enabled by default. Therefore, database queries may be performed during view rendering. Explicitly configure spring.jpa.open-in-view to disable this warning
2022-04-13 15:10:10,620 INFO org.springframework.security.web.DefaultSecurityFilterChain [restartedMain] Will not secure any request
2022-04-13 15:10:10,629 INFO org.springframework.boot.autoconfigure.web.servlet.WelcomePageHandlerMapping [restartedMain] Adding welcome page: class path resource [static/index.html]
2022-04-13 15:10:10,636 INFO org.springframework.boot.devtools.autoconfigure.OptionalLiveReloadServer [restartedMain] LiveReload server is running on port 35729
2022-04-13 15:10:10,638 INFO org.apache.juli.logging.DirectJDKLog [restartedMain] Starting ProtocolHandler ["http-nio-8080"]
2022-04-13 15:10:10,638 INFO org.springframework.boot.web.embedded.tomcat.TomcatWebServer [restartedMain] Tomcat started on port(s): 8080 (http) with context path '/onlinecourse'
2022-04-13 15:10:10,639 INFO org.springframework.boot.StartupInfoLogger [restartedMain] Started OnlinecourseApplication in 0.179 seconds (JVM running for 4165.258)
2022-04-13 15:10:10,640 INFO org.springframework.boot.devtools.autoconfigure.ConditionEvaluationDeltaLoggingListener [restartedMain] Condition evaluation unchanged
2022-04-13 15:10:15,536 INFO org.apache.juli.logging.DirectJDKLog [http-nio-8080-exec-1] Initializing Spring DispatcherServlet 'dispatcherServlet'
2022-04-13 15:10:15,536 INFO org.springframework.web.servlet.FrameworkServlet [http-nio-8080-exec-1] Initializing Servlet 'dispatcherServlet'
2022-04-13 15:10:15,537 INFO org.springframework.web.servlet.FrameworkServlet [http-nio-8080-exec-1] Completed initialization in 0 ms
2022-04-13 15:11:56,883 INFO com.onlinecourse.utils.Log [http-nio-8080-exec-9] Saving new user to the database: earthmars
2022-04-13 15:20:58,555 INFO com.onlinecourse.utils.Log [http-nio-8080-exec-5] Saving new user to the database: earthmars
2022-04-13 15:22:36,172 INFO org.springframework.orm.jpa.AbstractEntityManagerFactoryBean [Thread-55] Closing JPA EntityManagerFactory for persistence unit 'default'
2022-04-13 15:22:36,173 INFO com.zaxxer.hikari.HikariDataSource [Thread-55] HikariPool-14 - Shutdown initiated...
2022-04-13 15:22:36,173 INFO com.zaxxer.hikari.HikariDataSource [Thread-55] HikariPool-14 - Shutdown completed.
2022-04-13 15:22:36,457 INFO org.springframework.boot.StartupInfoLogger [restartedMain] Starting OnlinecourseApplication using Java 17.0.2 on FSTAdmins-MacBook-Pro.local with PID 6658 (/Users/fst.user/Documents/workspace-spring-tool-suite-4-4.14.0.RELEASE/onlinecourse/target/classes started by fst.user in /Users/fst.user/Documents/workspace-spring-tool-suite-4-4.14.0.RELEASE/onlinecourse)
2022-04-13 15:22:36,457 INFO org.springframework.boot.SpringApplication [restartedMain] No active profile set, falling back to 1 default profile: "default"
2022-04-13 15:22:36,520 INFO org.springframework.data.repository.config.RepositoryConfigurationDelegate [restartedMain] Bootstrapping Spring Data JPA repositories in DEFAULT mode.
2022-04-13 15:22:36,528 INFO org.springframework.data.repository.config.RepositoryConfigurationDelegate [restartedMain] Finished Spring Data repository scanning in 7 ms. Found 5 JPA repository interfaces.
2022-04-13 15:22:36,548 INFO org.springframework.boot.web.embedded.tomcat.TomcatWebServer [restartedMain] Tomcat initialized with port(s): 8080 (http)
2022-04-13 15:22:36,549 INFO org.apache.juli.logging.DirectJDKLog [restartedMain] Initializing ProtocolHandler ["http-nio-8080"]
2022-04-13 15:22:36,549 INFO org.apache.juli.logging.DirectJDKLog [restartedMain] Starting service [Tomcat]
2022-04-13 15:22:36,549 INFO org.apache.juli.logging.DirectJDKLog [restartedMain] Starting Servlet engine: [Apache Tomcat/9.0.60]
2022-04-13 15:22:36,553 INFO org.apache.juli.logging.DirectJDKLog [restartedMain] Initializing Spring embedded WebApplicationContext
2022-04-13 15:22:36,553 INFO org.springframework.boot.web.servlet.context.ServletWebServerApplicationContext [restartedMain] Root WebApplicationContext: initialization completed in 95 ms
2022-04-13 15:22:36,569 INFO com.zaxxer.hikari.HikariDataSource [restartedMain] HikariPool-15 - Starting...
2022-04-13 15:22:36,573 INFO com.zaxxer.hikari.HikariDataSource [restartedMain] HikariPool-15 - Start completed.
2022-04-13 15:22:36,574 INFO org.hibernate.jpa.internal.util.LogHelper [restartedMain] HHH000204: Processing PersistenceUnitInfo [name: default]
2022-04-13 15:22:36,575 INFO org.hibernate.dialect.Dialect [restartedMain] HHH000400: Using dialect: org.hibernate.dialect.MySQL8Dialect
2022-04-13 15:22:36,594 INFO org.hibernate.engine.transaction.jta.platform.internal.JtaPlatformInitiator [restartedMain] HHH000490: Using JtaPlatform implementation: [org.hibernate.engine.transaction.jta.platform.internal.NoJtaPlatform]
2022-04-13 15:22:36,594 INFO org.springframework.orm.jpa.AbstractEntityManagerFactoryBean [restartedMain] Initialized JPA EntityManagerFactory for persistence unit 'default'
2022-04-13 15:22:36,646 WARN org.springframework.boot.autoconfigure.orm.jpa.JpaBaseConfiguration$JpaWebConfiguration [restartedMain] spring.jpa.open-in-view is enabled by default. Therefore, database queries may be performed during view rendering. Explicitly configure spring.jpa.open-in-view to disable this warning
2022-04-13 15:22:36,652 INFO org.springframework.security.web.DefaultSecurityFilterChain [restartedMain] Will not secure any request
2022-04-13 15:22:36,662 INFO org.springframework.boot.autoconfigure.web.servlet.WelcomePageHandlerMapping [restartedMain] Adding welcome page: class path resource [static/index.html]
2022-04-13 15:22:36,669 INFO org.springframework.boot.devtools.autoconfigure.OptionalLiveReloadServer [restartedMain] LiveReload server is running on port 35729
2022-04-13 15:22:36,670 INFO org.apache.juli.logging.DirectJDKLog [restartedMain] Starting ProtocolHandler ["http-nio-8080"]
2022-04-13 15:22:36,671 INFO org.springframework.boot.web.embedded.tomcat.TomcatWebServer [restartedMain] Tomcat started on port(s): 8080 (http) with context path '/onlinecourse'
2022-04-13 15:22:36,672 INFO org.springframework.boot.StartupInfoLogger [restartedMain] Started OnlinecourseApplication in 0.456 seconds (JVM running for 4911.283)
2022-04-13 15:22:36,672 INFO org.springframework.boot.devtools.autoconfigure.ConditionEvaluationDeltaLoggingListener [restartedMain] Condition evaluation unchanged
2022-04-13 16:34:48,801 INFO org.springframework.orm.jpa.AbstractEntityManagerFactoryBean [Thread-59] Closing JPA EntityManagerFactory for persistence unit 'default'
2022-04-13 16:34:48,807 INFO com.zaxxer.hikari.HikariDataSource [Thread-59] HikariPool-15 - Shutdown initiated...
2022-04-13 16:34:48,809 INFO com.zaxxer.hikari.HikariDataSource [Thread-59] HikariPool-15 - Shutdown completed.
2022-04-13 16:34:49,050 INFO org.springframework.boot.StartupInfoLogger [restartedMain] Starting OnlinecourseApplication using Java 17.0.2 on FSTAdmins-MacBook-Pro.local with PID 6658 (/Users/fst.user/Documents/workspace-spring-tool-suite-4-4.14.0.RELEASE/onlinecourse/target/classes started by fst.user in /Users/fst.user/Documents/workspace-spring-tool-suite-4-4.14.0.RELEASE/onlinecourse)
2022-04-13 16:34:49,050 INFO org.springframework.boot.SpringApplication [restartedMain] No active profile set, falling back to 1 default profile: "default"
2022-04-13 16:34:49,112 INFO org.springframework.data.repository.config.RepositoryConfigurationDelegate [restartedMain] Bootstrapping Spring Data JPA repositories in DEFAULT mode.
2022-04-13 16:34:49,121 INFO org.springframework.data.repository.config.RepositoryConfigurationDelegate [restartedMain] Finished Spring Data repository scanning in 8 ms. Found 5 JPA repository interfaces.
2022-04-13 16:34:49,153 INFO org.springframework.boot.web.embedded.tomcat.TomcatWebServer [restartedMain] Tomcat initialized with port(s): 8080 (http)
2022-04-13 16:34:49,154 INFO org.apache.juli.logging.DirectJDKLog [restartedMain] Initializing ProtocolHandler ["http-nio-8080"]
2022-04-13 16:34:49,154 INFO org.apache.juli.logging.DirectJDKLog [restartedMain] Starting service [Tomcat]
2022-04-13 16:34:49,154 INFO org.apache.juli.logging.DirectJDKLog [restartedMain] Starting Servlet engine: [Apache Tomcat/9.0.60]
2022-04-13 16:34:49,158 INFO org.apache.juli.logging.DirectJDKLog [restartedMain] Initializing Spring embedded WebApplicationContext
2022-04-13 16:34:49,158 INFO org.springframework.boot.web.servlet.context.ServletWebServerApplicationContext [restartedMain] Root WebApplicationContext: initialization completed in 107 ms
2022-04-13 16:34:49,166 INFO com.zaxxer.hikari.HikariDataSource [restartedMain] HikariPool-16 - Starting...
2022-04-13 16:34:49,168 INFO com.zaxxer.hikari.HikariDataSource [restartedMain] HikariPool-16 - Start completed.
2022-04-13 16:34:49,170 INFO org.hibernate.jpa.internal.util.LogHelper [restartedMain] HHH000204: Processing PersistenceUnitInfo [name: default]
2022-04-13 16:34:49,172 INFO org.hibernate.dialect.Dialect [restartedMain] HHH000400: Using dialect: org.hibernate.dialect.MySQL8Dialect
2022-04-13 16:34:49,191 INFO org.hibernate.engine.transaction.jta.platform.internal.JtaPlatformInitiator [restartedMain] HHH000490: Using JtaPlatform implementation: [org.hibernate.engine.transaction.jta.platform.internal.NoJtaPlatform]
