2022-04-16 21:37:31,650 INFO com.zaxxer.hikari.HikariDataSource [restartedMain] HikariPool-1 - Starting...
2022-04-16 21:37:31,736 INFO com.zaxxer.hikari.HikariDataSource [restartedMain] HikariPool-1 - Start completed.
2022-04-16 21:37:31,758 INFO org.hibernate.jpa.internal.util.LogHelper [restartedMain] HHH000204: Processing PersistenceUnitInfo [name: default]
2022-04-16 21:37:31,780 INFO org.hibernate.Version [restartedMain] HHH000412: Hibernate ORM core version 5.6.7.Final
2022-04-16 21:37:31,856 INFO org.hibernate.annotations.common.reflection.java.JavaReflectionManager [restartedMain] HCANN000001: Hibernate Commons Annotations {5.1.2.Final}
2022-04-16 21:37:31,898 INFO org.hibernate.dialect.Dialect [restartedMain] HHH000400: Using dialect: org.hibernate.dialect.MySQL8Dialect
2022-04-16 21:37:32,147 INFO org.hibernate.engine.transaction.jta.platform.internal.JtaPlatformInitiator [restartedMain] HHH000490: Using JtaPlatform implementation: [org.hibernate.engine.transaction.jta.platform.internal.NoJtaPlatform]
2022-04-16 21:37:32,151 INFO org.springframework.orm.jpa.AbstractEntityManagerFactoryBean [restartedMain] Initialized JPA EntityManagerFactory for persistence unit 'default'
2022-04-16 21:37:32,367 WARN org.springframework.boot.autoconfigure.orm.jpa.JpaBaseConfiguration$JpaWebConfiguration [restartedMain] spring.jpa.open-in-view is enabled by default. Therefore, database queries may be performed during view rendering. Explicitly configure spring.jpa.open-in-view to disable this warning
2022-04-16 21:37:32,447 INFO org.springframework.security.web.DefaultSecurityFilterChain [restartedMain] Will not secure any request
2022-04-16 21:37:32,531 INFO org.springframework.boot.autoconfigure.web.servlet.WelcomePageHandlerMapping [restartedMain] Adding welcome page: class path resource [static/index.html]
2022-04-16 21:37:32,593 INFO org.springframework.boot.devtools.autoconfigure.OptionalLiveReloadServer [restartedMain] LiveReload server is running on port 35729
2022-04-16 21:37:32,599 INFO org.apache.juli.logging.DirectJDKLog [restartedMain] Starting ProtocolHandler ["http-nio-8080"]
2022-04-16 21:37:32,605 INFO org.springframework.boot.web.embedded.tomcat.TomcatWebServer [restartedMain] Tomcat started on port(s): 8080 (http) with context path '/onlinecourse'
2022-04-16 21:37:32,611 INFO org.springframework.boot.StartupInfoLogger [restartedMain] Started OnlinecourseApplication in 1.964 seconds (JVM running for 2.672)
2022-04-16 21:37:46,030 INFO org.apache.juli.logging.DirectJDKLog [http-nio-8080-exec-1] Initializing Spring DispatcherServlet 'dispatcherServlet'
2022-04-16 21:37:46,030 INFO org.springframework.web.servlet.FrameworkServlet [http-nio-8080-exec-1] Initializing Servlet 'dispatcherServlet'
2022-04-16 21:37:46,031 INFO org.springframework.web.servlet.FrameworkServlet [http-nio-8080-exec-1] Completed initialization in 1 ms
2022-04-16 21:42:23,661 INFO com.onlinecourse.utils.Log [http-nio-8080-exec-6] LOGGING OUT USER: anonymousUser
2022-04-16 21:42:41,682 INFO com.onlinecourse.utils.Log [http-nio-8080-exec-1] fetching all courses
2022-04-16 21:46:33,710 INFO com.onlinecourse.utils.Log [http-nio-8080-exec-3] fetching all Roles
2022-04-16 21:46:33,722 INFO com.onlinecourse.utils.Log [http-nio-8080-exec-3] fetching all places
2022-04-16 21:47:12,482 INFO com.onlinecourse.utils.Log [http-nio-8080-exec-5] fetching all courses
2022-04-16 21:47:17,617 INFO com.onlinecourse.utils.Log [http-nio-8080-exec-8] fetching all courses
2022-04-16 21:47:26,914 INFO com.onlinecourse.utils.Log [http-nio-8080-exec-1] saving course: [0-Biology-supermario]
2022-04-16 21:47:26,938 INFO com.onlinecourse.utils.Log [http-nio-8080-exec-2] fetching all courses
2022-04-16 21:49:47,423 INFO com.onlinecourse.utils.Log [http-nio-8080-exec-4] fetching all courses
2022-04-16 21:50:03,832 INFO com.onlinecourse.utils.Log [http-nio-8080-exec-5] fetching all courses
2022-04-16 21:50:25,673 INFO com.onlinecourse.utils.Log [http-nio-8080-exec-6] fetching all courses
2022-04-16 21:50:35,222 INFO com.onlinecourse.utils.Log [http-nio-8080-exec-8] fetching all courses
2022-04-16 21:50:36,613 INFO com.onlinecourse.utils.Log [http-nio-8080-exec-10] fetching all courses
2022-04-16 21:50:38,671 INFO com.onlinecourse.utils.Log [http-nio-8080-exec-2] fetching all courses
2022-04-16 21:50:41,797 INFO com.onlinecourse.utils.Log [http-nio-8080-exec-4] fetching all courses
2022-04-16 21:52:11,060 INFO com.onlinecourse.utils.Log [http-nio-8080-exec-8] fetching all courses
2022-04-16 21:52:12,896 INFO com.onlinecourse.utils.Log [http-nio-8080-exec-10] fetching all courses
2022-04-16 21:52:13,959 INFO com.onlinecourse.utils.Log [http-nio-8080-exec-2] fetching all courses
2022-04-16 21:52:16,449 INFO com.onlinecourse.utils.Log [http-nio-8080-exec-4] fetching all courses
2022-04-16 21:52:18,138 INFO com.onlinecourse.utils.Log [http-nio-8080-exec-6] fetching all courses
2022-04-16 21:53:36,173 INFO com.onlinecourse.utils.Log [http-nio-8080-exec-1] fetching all courses
2022-04-16 21:54:17,044 INFO com.onlinecourse.utils.Log [http-nio-8080-exec-5] fetching all courses
2022-04-16 21:54:38,203 INFO com.onlinecourse.utils.Log [http-nio-8080-exec-8] fetching all courses
2022-04-16 21:54:44,285 INFO com.onlinecourse.utils.Log [http-nio-8080-exec-10] fetching all Roles
2022-04-16 21:54:44,289 INFO com.onlinecourse.utils.Log [http-nio-8080-exec-10] fetching all places
2022-04-16 21:56:29,041 INFO com.onlinecourse.utils.Log [http-nio-8080-exec-2] getting role with an id of 1
2022-04-16 21:56:29,151 INFO com.onlinecourse.utils.Log [http-nio-8080-exec-2] Saving new user to the database: duterte
2022-04-16 21:56:55,164 INFO com.onlinecourse.utils.Log [http-nio-8080-exec-4] fetching all Roles
2022-04-16 21:56:55,169 INFO com.onlinecourse.utils.Log [http-nio-8080-exec-4] fetching all places
2022-04-16 21:58:09,122 INFO com.onlinecourse.utils.Log [http-nio-8080-exec-6] getting role with an id of 1
2022-04-16 21:58:09,253 INFO com.onlinecourse.utils.Log [http-nio-8080-exec-6] Saving new user to the database: obama
2022-04-16 21:58:14,755 INFO com.onlinecourse.utils.Log [http-nio-8080-exec-8] fetching all Roles
2022-04-16 21:58:14,759 INFO com.onlinecourse.utils.Log [http-nio-8080-exec-8] fetching all places
2022-04-16 22:00:35,703 INFO com.onlinecourse.utils.Log [http-nio-8080-exec-2] fetching all Roles
2022-04-16 22:00:35,707 INFO com.onlinecourse.utils.Log [http-nio-8080-exec-2] fetching all places
2022-04-16 22:00:38,239 INFO com.onlinecourse.utils.Log [http-nio-8080-exec-4] fetching all Roles
2022-04-16 22:00:38,243 INFO com.onlinecourse.utils.Log [http-nio-8080-exec-4] fetching all places
2022-04-16 22:00:46,185 INFO com.onlinecourse.utils.Log [http-nio-8080-exec-6] fetching all Roles
2022-04-16 22:00:46,191 INFO com.onlinecourse.utils.Log [http-nio-8080-exec-6] fetching all places
2022-04-16 22:00:48,638 INFO com.onlinecourse.utils.Log [http-nio-8080-exec-7] getting role with an id of 3
2022-04-16 22:00:48,641 INFO com.onlinecourse.utils.Log [http-nio-8080-exec-7] getting role with an id of 4
2022-04-16 22:00:48,768 INFO com.onlinecourse.utils.Log [http-nio-8080-exec-7] Saving new user to the database: earthmars
2022-04-16 22:02:07,563 INFO com.onlinecourse.utils.Log [http-nio-8080-exec-7] fetching all Roles
2022-04-16 22:02:07,568 INFO com.onlinecourse.utils.Log [http-nio-8080-exec-7] fetching all places
2022-04-16 22:02:22,683 INFO com.onlinecourse.utils.Log [http-nio-8080-exec-8] getting role with an id of 3
2022-04-16 22:02:22,686 INFO com.onlinecourse.utils.Log [http-nio-8080-exec-8] getting role with an id of 4
2022-04-16 22:02:22,788 INFO com.onlinecourse.utils.Log [http-nio-8080-exec-8] Saving new user to the database: earthmars
2022-04-16 22:05:24,426 INFO com.onlinecourse.utils.Log [http-nio-8080-exec-3] fetching all courses
2022-04-16 22:05:35,154 INFO com.onlinecourse.utils.Log [http-nio-8080-exec-5] fetching all courses
2022-04-16 22:07:59,542 INFO com.onlinecourse.utils.Log [http-nio-8080-exec-8] fetching all courses
2022-04-16 22:08:18,357 INFO com.onlinecourse.utils.Log [http-nio-8080-exec-10] saving course: [0-History-supermario]
2022-04-16 22:08:18,370 INFO com.onlinecourse.utils.Log [http-nio-8080-exec-1] fetching all courses
2022-04-16 22:22:29,391 WARN com.zaxxer.hikari.pool.HikariPool$HouseKeeper [HikariPool-1 housekeeper] HikariPool-1 - Thread starvation or clock leap detected (housekeeper delta=1m57s67ms).
2022-04-16 22:25:16,217 INFO org.springframework.orm.jpa.AbstractEntityManagerFactoryBean [Thread-5] Closing JPA EntityManagerFactory for persistence unit 'default'
2022-04-16 22:25:16,222 INFO com.zaxxer.hikari.HikariDataSource [Thread-5] HikariPool-1 - Shutdown initiated...
2022-04-16 22:25:16,224 INFO com.zaxxer.hikari.HikariDataSource [Thread-5] HikariPool-1 - Shutdown completed.
2022-04-16 22:25:16,454 INFO org.springframework.boot.StartupInfoLogger [restartedMain] Starting OnlinecourseApplication using Java 17.0.2 on FSTAdmins-MacBook-Pro.local with PID 6824 (/Users/fst.user/Documents/workspace-spring-tool-suite-4-4.14.0.RELEASE/onlinecourse/target/classes started by fst.user in /Users/fst.user/Documents/workspace-spring-tool-suite-4-4.14.0.RELEASE/onlinecourse)
2022-04-16 22:25:16,454 INFO org.springframework.boot.SpringApplication [restartedMain] No active profile set, falling back to 1 default profile: "default"
2022-04-16 22:25:16,522 INFO org.springframework.data.repository.config.RepositoryConfigurationDelegate [restartedMain] Bootstrapping Spring Data JPA repositories in DEFAULT mode.
2022-04-16 22:25:16,533 INFO org.springframework.data.repository.config.RepositoryConfigurationDelegate [restartedMain] Finished Spring Data repository scanning in 10 ms. Found 5 JPA repository interfaces.
2022-04-16 22:25:16,571 INFO org.springframework.boot.web.embedded.tomcat.TomcatWebServer [restartedMain] Tomcat initialized with port(s): 8080 (http)
2022-04-16 22:25:16,571 INFO org.apache.juli.logging.DirectJDKLog [restartedMain] Initializing ProtocolHandler ["http-nio-8080"]
2022-04-16 22:25:16,571 INFO org.apache.juli.logging.DirectJDKLog [restartedMain] Starting service [Tomcat]
2022-04-16 22:25:16,571 INFO org.apache.juli.logging.DirectJDKLog [restartedMain] Starting Servlet engine: [Apache Tomcat/9.0.60]
2022-04-16 22:25:16,577 INFO org.apache.juli.logging.DirectJDKLog [restartedMain] Initializing Spring embedded WebApplicationContext
2022-04-16 22:25:16,577 INFO org.springframework.boot.web.servlet.context.ServletWebServerApplicationContext [restartedMain] Root WebApplicationContext: initialization completed in 122 ms
2022-04-16 22:25:16,591 INFO com.zaxxer.hikari.HikariDataSource [restartedMain] HikariPool-2 - Starting...
2022-04-16 22:25:16,595 INFO com.zaxxer.hikari.HikariDataSource [restartedMain] HikariPool-2 - Start completed.
2022-04-16 22:25:16,598 INFO org.hibernate.jpa.internal.util.LogHelper [restartedMain] HHH000204: Processing PersistenceUnitInfo [name: default]
2022-04-16 22:25:16,599 INFO org.hibernate.dialect.Dialect [restartedMain] HHH000400: Using dialect: org.hibernate.dialect.MySQL8Dialect
2022-04-16 22:25:16,626 INFO org.hibernate.engine.transaction.jta.platform.internal.JtaPlatformInitiator [restartedMain] HHH000490: Using JtaPlatform implementation: [org.hibernate.engine.transaction.jta.platform.internal.NoJtaPlatform]
