2022-04-17 00:44:35,834 INFO org.springframework.orm.jpa.AbstractEntityManagerFactoryBean [restartedMain] Initialized JPA EntityManagerFactory for persistence unit 'default'
2022-04-17 00:44:35,875 WARN org.springframework.boot.autoconfigure.orm.jpa.JpaBaseConfiguration$JpaWebConfiguration [restartedMain] spring.jpa.open-in-view is enabled by default. Therefore, database queries may be performed during view rendering. Explicitly configure spring.jpa.open-in-view to disable this warning
2022-04-17 00:44:35,882 INFO org.springframework.security.web.DefaultSecurityFilterChain [restartedMain] Will not secure any request
2022-04-17 00:44:35,891 INFO org.springframework.boot.autoconfigure.web.servlet.WelcomePageHandlerMapping [restartedMain] Adding welcome page: class path resource [static/index.html]
2022-04-17 00:44:35,898 INFO org.springframework.boot.devtools.autoconfigure.OptionalLiveReloadServer [restartedMain] LiveReload server is running on port 35729
2022-04-17 00:44:35,899 INFO org.apache.juli.logging.DirectJDKLog [restartedMain] Starting ProtocolHandler ["http-nio-8080"]
2022-04-17 00:44:35,902 INFO org.springframework.boot.web.embedded.tomcat.TomcatWebServer [restartedMain] Tomcat started on port(s): 8080 (http) with context path '/onlinecourse'
2022-04-17 00:44:35,904 INFO org.springframework.boot.StartupInfoLogger [restartedMain] Started OnlinecourseApplication in 0.438 seconds (JVM running for 7777.278)
2022-04-17 00:44:35,904 INFO org.springframework.boot.devtools.autoconfigure.ConditionEvaluationDeltaLoggingListener [restartedMain] Condition evaluation unchanged
2022-04-17 00:45:28,079 INFO org.springframework.orm.jpa.AbstractEntityManagerFactoryBean [Thread-75] Closing JPA EntityManagerFactory for persistence unit 'default'
2022-04-17 00:45:28,079 INFO com.zaxxer.hikari.HikariDataSource [Thread-75] HikariPool-19 - Shutdown initiated...
2022-04-17 00:45:28,080 INFO com.zaxxer.hikari.HikariDataSource [Thread-75] HikariPool-19 - Shutdown completed.
2022-04-17 00:45:28,137 INFO org.springframework.boot.StartupInfoLogger [restartedMain] Starting OnlinecourseApplication using Java 17.0.2 on FSTAdmins-MacBook-Pro.local with PID 7854 (/Users/fst.user/Documents/workspace-spring-tool-suite-4-4.14.0.RELEASE/onlinecourse/target/classes started by fst.user in /Users/fst.user/Documents/workspace-spring-tool-suite-4-4.14.0.RELEASE/onlinecourse)
2022-04-17 00:45:28,137 INFO org.springframework.boot.SpringApplication [restartedMain] No active profile set, falling back to 1 default profile: "default"
2022-04-17 00:45:28,178 INFO org.springframework.data.repository.config.RepositoryConfigurationDelegate [restartedMain] Bootstrapping Spring Data JPA repositories in DEFAULT mode.
2022-04-17 00:45:28,185 INFO org.springframework.data.repository.config.RepositoryConfigurationDelegate [restartedMain] Finished Spring Data repository scanning in 7 ms. Found 5 JPA repository interfaces.
2022-04-17 00:45:28,205 INFO org.springframework.boot.web.embedded.tomcat.TomcatWebServer [restartedMain] Tomcat initialized with port(s): 8080 (http)
2022-04-17 00:45:28,205 INFO org.apache.juli.logging.DirectJDKLog [restartedMain] Initializing ProtocolHandler ["http-nio-8080"]
2022-04-17 00:45:28,205 INFO org.apache.juli.logging.DirectJDKLog [restartedMain] Starting service [Tomcat]
2022-04-17 00:45:28,205 INFO org.apache.juli.logging.DirectJDKLog [restartedMain] Starting Servlet engine: [Apache Tomcat/9.0.60]
2022-04-17 00:45:28,209 INFO org.apache.juli.logging.DirectJDKLog [restartedMain] Initializing Spring embedded WebApplicationContext
2022-04-17 00:45:28,209 INFO org.springframework.boot.web.servlet.context.ServletWebServerApplicationContext [restartedMain] Root WebApplicationContext: initialization completed in 72 ms
2022-04-17 00:45:28,217 INFO com.zaxxer.hikari.HikariDataSource [restartedMain] HikariPool-20 - Starting...
2022-04-17 00:45:28,220 INFO com.zaxxer.hikari.HikariDataSource [restartedMain] HikariPool-20 - Start completed.
2022-04-17 00:45:28,222 INFO org.hibernate.jpa.internal.util.LogHelper [restartedMain] HHH000204: Processing PersistenceUnitInfo [name: default]
2022-04-17 00:45:28,223 INFO org.hibernate.dialect.Dialect [restartedMain] HHH000400: Using dialect: org.hibernate.dialect.MySQL8Dialect
2022-04-17 00:45:28,235 INFO org.hibernate.engine.transaction.jta.platform.internal.JtaPlatformInitiator [restartedMain] HHH000490: Using JtaPlatform implementation: [org.hibernate.engine.transaction.jta.platform.internal.NoJtaPlatform]
2022-04-17 00:45:28,235 INFO org.springframework.orm.jpa.AbstractEntityManagerFactoryBean [restartedMain] Initialized JPA EntityManagerFactory for persistence unit 'default'
2022-04-17 00:45:28,275 WARN org.springframework.boot.autoconfigure.orm.jpa.JpaBaseConfiguration$JpaWebConfiguration [restartedMain] spring.jpa.open-in-view is enabled by default. Therefore, database queries may be performed during view rendering. Explicitly configure spring.jpa.open-in-view to disable this warning
2022-04-17 00:45:28,281 INFO org.springframework.security.web.DefaultSecurityFilterChain [restartedMain] Will not secure any request
2022-04-17 00:45:28,290 INFO org.springframework.boot.autoconfigure.web.servlet.WelcomePageHandlerMapping [restartedMain] Adding welcome page: class path resource [static/index.html]
2022-04-17 00:45:28,299 INFO org.springframework.boot.devtools.autoconfigure.OptionalLiveReloadServer [restartedMain] LiveReload server is running on port 35729
2022-04-17 00:45:28,301 INFO org.apache.juli.logging.DirectJDKLog [restartedMain] Starting ProtocolHandler ["http-nio-8080"]
2022-04-17 00:45:28,301 INFO org.springframework.boot.web.embedded.tomcat.TomcatWebServer [restartedMain] Tomcat started on port(s): 8080 (http) with context path '/onlinecourse'
2022-04-17 00:45:28,302 INFO org.springframework.boot.StartupInfoLogger [restartedMain] Started OnlinecourseApplication in 0.175 seconds (JVM running for 7829.666)
2022-04-17 00:45:28,303 INFO org.springframework.boot.devtools.autoconfigure.ConditionEvaluationDeltaLoggingListener [restartedMain] Condition evaluation unchanged
2022-04-17 00:45:31,291 INFO org.apache.juli.logging.DirectJDKLog [http-nio-8080-exec-1] Initializing Spring DispatcherServlet 'dispatcherServlet'
2022-04-17 00:45:31,291 INFO org.springframework.web.servlet.FrameworkServlet [http-nio-8080-exec-1] Initializing Servlet 'dispatcherServlet'
2022-04-17 00:45:31,293 INFO org.springframework.web.servlet.FrameworkServlet [http-nio-8080-exec-1] Completed initialization in 1 ms
2022-04-17 00:45:31,306 INFO com.onlinecourse.utils.Log [http-nio-8080-exec-1] fetching all courses
2022-04-17 00:45:36,447 INFO com.onlinecourse.utils.Log [http-nio-8080-exec-2] Enrolling student duterte to course Elementary Algebra
2022-04-17 00:45:36,471 INFO com.onlinecourse.utils.Log [http-nio-8080-exec-3] fetching all courses
2022-04-17 00:47:16,240 INFO com.onlinecourse.utils.Log [http-nio-8080-exec-5] Enrolling student duterte to course Biology
2022-04-17 00:47:16,248 INFO com.onlinecourse.utils.Log [http-nio-8080-exec-6] fetching all courses
2022-04-17 00:50:33,959 INFO com.onlinecourse.utils.Log [http-nio-8080-exec-8] fetching all courses
2022-04-17 00:50:44,448 INFO com.onlinecourse.utils.Log [http-nio-8080-exec-10] fetching all courses
2022-04-17 00:50:54,375 INFO com.onlinecourse.utils.Log [http-nio-8080-exec-1] fetching all courses
2022-04-17 00:51:04,867 INFO com.onlinecourse.utils.Log [http-nio-8080-exec-2] LOGGING OUT USER: duterte
2022-04-17 00:51:22,292 INFO com.onlinecourse.utils.Log [http-nio-8080-exec-6] fetching all courses
2022-04-17 00:51:27,134 INFO com.onlinecourse.utils.Log [http-nio-8080-exec-8] fetching all courses
2022-04-17 00:51:27,811 INFO com.onlinecourse.utils.Log [http-nio-8080-exec-9] LOGGING OUT USER: obama
2022-04-17 00:51:45,279 INFO com.onlinecourse.utils.Log [http-nio-8080-exec-3] fetching all courses
2022-04-17 00:52:01,938 INFO com.onlinecourse.utils.Log [http-nio-8080-exec-8] fetching all courses
2022-04-17 00:52:08,788 INFO com.onlinecourse.utils.Log [http-nio-8080-exec-9] fetching all courses
2022-04-17 00:52:09,782 INFO com.onlinecourse.utils.Log [http-nio-8080-exec-10] fetching all courses
2022-04-17 00:54:11,067 INFO com.onlinecourse.utils.Log [http-nio-8080-exec-4] fetching all courses
2022-04-17 00:54:40,749 INFO com.onlinecourse.utils.Log [http-nio-8080-exec-1] fetching all courses
2022-04-17 00:54:42,816 INFO com.onlinecourse.utils.Log [http-nio-8080-exec-3] fetching all courses
2022-04-17 00:54:44,699 INFO com.onlinecourse.utils.Log [http-nio-8080-exec-5] fetching all courses
2022-04-17 00:56:45,458 INFO org.springframework.orm.jpa.AbstractEntityManagerFactoryBean [Thread-79] Closing JPA EntityManagerFactory for persistence unit 'default'
2022-04-17 00:56:45,460 INFO com.zaxxer.hikari.HikariDataSource [Thread-79] HikariPool-20 - Shutdown initiated...
2022-04-17 00:56:45,461 INFO com.zaxxer.hikari.HikariDataSource [Thread-79] HikariPool-20 - Shutdown completed.
2022-04-17 00:56:45,690 INFO org.springframework.boot.StartupInfoLogger [restartedMain] Starting OnlinecourseApplication using Java 17.0.2 on FSTAdmins-MacBook-Pro.local with PID 7854 (/Users/fst.user/Documents/workspace-spring-tool-suite-4-4.14.0.RELEASE/onlinecourse/target/classes started by fst.user in /Users/fst.user/Documents/workspace-spring-tool-suite-4-4.14.0.RELEASE/onlinecourse)
2022-04-17 00:56:45,691 INFO org.springframework.boot.SpringApplication [restartedMain] No active profile set, falling back to 1 default profile: "default"
2022-04-17 00:56:45,742 INFO org.springframework.data.repository.config.RepositoryConfigurationDelegate [restartedMain] Bootstrapping Spring Data JPA repositories in DEFAULT mode.
2022-04-17 00:56:45,750 INFO org.springframework.data.repository.config.RepositoryConfigurationDelegate [restartedMain] Finished Spring Data repository scanning in 7 ms. Found 5 JPA repository interfaces.
2022-04-17 00:56:45,770 INFO org.springframework.boot.web.embedded.tomcat.TomcatWebServer [restartedMain] Tomcat initialized with port(s): 8080 (http)
2022-04-17 00:56:45,770 INFO org.apache.juli.logging.DirectJDKLog [restartedMain] Initializing ProtocolHandler ["http-nio-8080"]
2022-04-17 00:56:45,770 INFO org.apache.juli.logging.DirectJDKLog [restartedMain] Starting service [Tomcat]
2022-04-17 00:56:45,770 INFO org.apache.juli.logging.DirectJDKLog [restartedMain] Starting Servlet engine: [Apache Tomcat/9.0.60]
2022-04-17 00:56:45,773 INFO org.apache.juli.logging.DirectJDKLog [restartedMain] Initializing Spring embedded WebApplicationContext
2022-04-17 00:56:45,774 INFO org.springframework.boot.web.servlet.context.ServletWebServerApplicationContext [restartedMain] Root WebApplicationContext: initialization completed in 83 ms
2022-04-17 00:56:45,781 INFO com.zaxxer.hikari.HikariDataSource [restartedMain] HikariPool-21 - Starting...
2022-04-17 00:56:45,784 INFO com.zaxxer.hikari.HikariDataSource [restartedMain] HikariPool-21 - Start completed.
2022-04-17 00:56:45,786 INFO org.hibernate.jpa.internal.util.LogHelper [restartedMain] HHH000204: Processing PersistenceUnitInfo [name: default]
2022-04-17 00:56:45,787 INFO org.hibernate.dialect.Dialect [restartedMain] HHH000400: Using dialect: org.hibernate.dialect.MySQL8Dialect
2022-04-17 00:56:45,799 INFO org.hibernate.engine.transaction.jta.platform.internal.JtaPlatformInitiator [restartedMain] HHH000490: Using JtaPlatform implementation: [org.hibernate.engine.transaction.jta.platform.internal.NoJtaPlatform]
