2022-04-21 10:18:16,896 INFO org.apache.juli.logging.DirectJDKLog [http-nio-8080-exec-1] Initializing Spring DispatcherServlet 'dispatcherServlet'
2022-04-21 10:18:16,898 INFO org.springframework.web.servlet.FrameworkServlet [http-nio-8080-exec-1] Initializing Servlet 'dispatcherServlet'
2022-04-21 10:18:16,899 INFO org.springframework.web.servlet.FrameworkServlet [http-nio-8080-exec-1] Completed initialization in 1 ms
2022-04-21 10:18:35,909 INFO com.onlinecourse.utils.Log [http-nio-8080-exec-4] LOGGING OUT USER: anonymousUser
2022-04-21 10:18:36,980 INFO com.onlinecourse.utils.Log [http-nio-8080-exec-6] fetching all Roles
2022-04-21 10:18:37,018 INFO com.onlinecourse.utils.Log [http-nio-8080-exec-6] fetching all places
2022-04-21 10:19:29,156 INFO com.onlinecourse.utils.Log [http-nio-8080-exec-7] getting role with an id of 2
2022-04-21 10:19:29,295 INFO com.onlinecourse.utils.Log [http-nio-8080-exec-7] Saving new user to the database: joebiden
2022-04-21 10:19:29,321 INFO com.onlinecourse.utils.Log [http-nio-8080-exec-8] LOGGING OUT USER: anonymousUser
2022-04-21 10:21:12,144 INFO com.onlinecourse.utils.Log [http-nio-8080-exec-5] fetching all courses
2022-04-21 10:21:14,447 INFO com.onlinecourse.utils.Log [http-nio-8080-exec-8] fetching all courses
2022-04-21 10:21:48,235 INFO com.onlinecourse.utils.Log [http-nio-8080-exec-10] fetching all courses
2022-04-21 10:21:48,911 INFO com.onlinecourse.utils.Log [http-nio-8080-exec-1] fetching all Roles
2022-04-21 10:21:48,915 INFO com.onlinecourse.utils.Log [http-nio-8080-exec-1] fetching all places
2022-04-21 10:21:53,210 INFO com.onlinecourse.utils.Log [http-nio-8080-exec-2] fetching all courses
2022-04-21 10:23:28,586 INFO org.springframework.orm.jpa.AbstractEntityManagerFactoryBean [Thread-5] Closing JPA EntityManagerFactory for persistence unit 'default'
2022-04-21 10:23:28,589 INFO com.zaxxer.hikari.HikariDataSource [Thread-5] HikariPool-1 - Shutdown initiated...
2022-04-21 10:23:28,594 INFO com.zaxxer.hikari.HikariDataSource [Thread-5] HikariPool-1 - Shutdown completed.
2022-04-21 10:23:28,812 INFO org.springframework.boot.StartupInfoLogger [restartedMain] Starting OnlinecourseApplication using Java 17.0.2 on FSTAdmins-MacBook-Pro.local with PID 3190 (/Users/fst.user/Documents/workspace-sts/onlinecourse/target/classes started by fst.user in /Users/fst.user/Documents/workspace-sts/onlinecourse)
2022-04-21 10:23:28,812 INFO org.springframework.boot.SpringApplication [restartedMain] No active profile set, falling back to 1 default profile: "default"
2022-04-21 10:23:28,904 INFO org.springframework.data.repository.config.RepositoryConfigurationDelegate [restartedMain] Bootstrapping Spring Data JPA repositories in DEFAULT mode.
2022-04-21 10:23:28,913 INFO org.springframework.data.repository.config.RepositoryConfigurationDelegate [restartedMain] Finished Spring Data repository scanning in 9 ms. Found 5 JPA repository interfaces.
2022-04-21 10:23:28,954 INFO org.springframework.boot.web.embedded.tomcat.TomcatWebServer [restartedMain] Tomcat initialized with port(s): 8080 (http)
2022-04-21 10:23:28,954 INFO org.apache.juli.logging.DirectJDKLog [restartedMain] Initializing ProtocolHandler ["http-nio-8080"]
2022-04-21 10:23:28,954 INFO org.apache.juli.logging.DirectJDKLog [restartedMain] Starting service [Tomcat]
2022-04-21 10:23:28,954 INFO org.apache.juli.logging.DirectJDKLog [restartedMain] Starting Servlet engine: [Apache Tomcat/9.0.60]
2022-04-21 10:23:28,958 INFO org.apache.juli.logging.DirectJDKLog [restartedMain] Initializing Spring embedded WebApplicationContext
2022-04-21 10:23:28,959 INFO org.springframework.boot.web.servlet.context.ServletWebServerApplicationContext [restartedMain] Root WebApplicationContext: initialization completed in 144 ms
2022-04-21 10:23:28,975 INFO com.zaxxer.hikari.HikariDataSource [restartedMain] HikariPool-2 - Starting...
2022-04-21 10:23:28,978 INFO com.zaxxer.hikari.HikariDataSource [restartedMain] HikariPool-2 - Start completed.
2022-04-21 10:23:28,980 INFO org.hibernate.jpa.internal.util.LogHelper [restartedMain] HHH000204: Processing PersistenceUnitInfo [name: default]
2022-04-21 10:23:28,982 INFO org.hibernate.dialect.Dialect [restartedMain] HHH000400: Using dialect: org.hibernate.dialect.MySQL8Dialect
2022-04-21 10:23:29,009 INFO org.hibernate.engine.transaction.jta.platform.internal.JtaPlatformInitiator [restartedMain] HHH000490: Using JtaPlatform implementation: [org.hibernate.engine.transaction.jta.platform.internal.NoJtaPlatform]
2022-04-21 10:23:29,010 INFO org.springframework.orm.jpa.AbstractEntityManagerFactoryBean [restartedMain] Initialized JPA EntityManagerFactory for persistence unit 'default'
2022-04-21 10:23:29,078 WARN org.springframework.boot.autoconfigure.orm.jpa.JpaBaseConfiguration$JpaWebConfiguration [restartedMain] spring.jpa.open-in-view is enabled by default. Therefore, database queries may be performed during view rendering. Explicitly configure spring.jpa.open-in-view to disable this warning
2022-04-21 10:23:29,099 INFO org.springframework.security.web.DefaultSecurityFilterChain [restartedMain] Will not secure any request
2022-04-21 10:23:29,125 INFO org.springframework.boot.autoconfigure.web.servlet.WelcomePageHandlerMapping [restartedMain] Adding welcome page: class path resource [static/index.html]
2022-04-21 10:23:29,148 INFO org.springframework.boot.devtools.autoconfigure.OptionalLiveReloadServer [restartedMain] LiveReload server is running on port 35729
2022-04-21 10:23:29,153 INFO org.apache.juli.logging.DirectJDKLog [restartedMain] Starting ProtocolHandler ["http-nio-8080"]
2022-04-21 10:23:29,154 INFO org.springframework.boot.web.embedded.tomcat.TomcatWebServer [restartedMain] Tomcat started on port(s): 8080 (http) with context path '/onlinecourse'
2022-04-21 10:23:29,156 INFO org.springframework.boot.StartupInfoLogger [restartedMain] Started OnlinecourseApplication in 0.532 seconds (JVM running for 336.028)
2022-04-21 10:23:29,157 INFO org.springframework.boot.devtools.autoconfigure.ConditionEvaluationDeltaLoggingListener [restartedMain] Condition evaluation unchanged
2022-04-21 10:26:58,607 INFO org.apache.juli.logging.DirectJDKLog [http-nio-8080-exec-1] Initializing Spring DispatcherServlet 'dispatcherServlet'
2022-04-21 10:26:58,607 INFO org.springframework.web.servlet.FrameworkServlet [http-nio-8080-exec-1] Initializing Servlet 'dispatcherServlet'
2022-04-21 10:26:58,609 INFO org.springframework.web.servlet.FrameworkServlet [http-nio-8080-exec-1] Completed initialization in 1 ms
2022-04-21 10:30:12,976 INFO com.onlinecourse.utils.Log [http-nio-8080-exec-7] fetching all courses
2022-04-21 10:30:16,035 INFO com.onlinecourse.utils.Log [http-nio-8080-exec-10] fetching all courses
2022-04-21 10:31:36,496 INFO com.onlinecourse.utils.Log [http-nio-8080-exec-7] fetching all courses
2022-04-21 10:31:40,197 INFO com.onlinecourse.utils.Log [http-nio-8080-exec-9] fetching all courses
2022-04-21 10:32:10,375 INFO com.onlinecourse.utils.Log [http-nio-8080-exec-3] fetching all courses
2022-04-21 10:32:20,512 INFO com.onlinecourse.utils.Log [http-nio-8080-exec-4] fetching all courses
2022-04-21 10:32:28,317 INFO com.onlinecourse.utils.Log [http-nio-8080-exec-6] fetching all Roles
2022-04-21 10:32:28,327 INFO com.onlinecourse.utils.Log [http-nio-8080-exec-6] fetching all places
2022-04-21 10:32:32,044 INFO com.onlinecourse.utils.Log [http-nio-8080-exec-8] fetching all courses
2022-04-21 10:32:37,677 INFO com.onlinecourse.utils.Log [http-nio-8080-exec-10] fetching all courses
2022-04-21 10:32:47,771 INFO com.onlinecourse.utils.Log [http-nio-8080-exec-3] fetching all courses
2022-04-21 10:32:49,289 INFO com.onlinecourse.utils.Log [http-nio-8080-exec-5] fetching all courses
2022-04-21 10:32:50,688 INFO com.onlinecourse.utils.Log [http-nio-8080-exec-7] fetching all courses
2022-04-21 10:32:51,938 INFO com.onlinecourse.utils.Log [http-nio-8080-exec-9] fetching all courses
2022-04-21 10:32:55,289 INFO com.onlinecourse.utils.Log [http-nio-8080-exec-1] fetching all courses
2022-04-21 10:32:56,344 INFO com.onlinecourse.utils.Log [http-nio-8080-exec-3] fetching all courses
2022-04-21 10:32:57,138 INFO com.onlinecourse.utils.Log [http-nio-8080-exec-5] fetching all courses
2022-04-21 10:32:58,425 INFO com.onlinecourse.utils.Log [http-nio-8080-exec-7] fetching all courses
2022-04-21 10:33:02,001 INFO com.onlinecourse.utils.Log [http-nio-8080-exec-9] fetching all courses
2022-04-21 10:33:42,486 INFO com.onlinecourse.utils.Log [http-nio-8080-exec-5] fetching all courses
2022-04-21 10:36:57,966 INFO org.springframework.orm.jpa.AbstractEntityManagerFactoryBean [Thread-7] Closing JPA EntityManagerFactory for persistence unit 'default'
2022-04-21 10:36:57,967 INFO com.zaxxer.hikari.HikariDataSource [Thread-7] HikariPool-2 - Shutdown initiated...
2022-04-21 10:36:57,969 INFO com.zaxxer.hikari.HikariDataSource [Thread-7] HikariPool-2 - Shutdown completed.
2022-04-21 10:36:58,027 INFO org.springframework.boot.StartupInfoLogger [restartedMain] Starting OnlinecourseApplication using Java 17.0.2 on FSTAdmins-MacBook-Pro.local with PID 3190 (/Users/fst.user/Documents/workspace-sts/onlinecourse/target/classes started by fst.user in /Users/fst.user/Documents/workspace-sts/onlinecourse)
2022-04-21 10:36:58,027 INFO org.springframework.boot.SpringApplication [restartedMain] No active profile set, falling back to 1 default profile: "default"
2022-04-21 10:36:58,095 INFO org.springframework.data.repository.config.RepositoryConfigurationDelegate [restartedMain] Bootstrapping Spring Data JPA repositories in DEFAULT mode.
2022-04-21 10:36:58,105 INFO org.springframework.data.repository.config.RepositoryConfigurationDelegate [restartedMain] Finished Spring Data repository scanning in 9 ms. Found 5 JPA repository interfaces.
2022-04-21 10:36:58,143 INFO org.springframework.boot.web.embedded.tomcat.TomcatWebServer [restartedMain] Tomcat initialized with port(s): 8080 (http)
2022-04-21 10:36:58,144 INFO org.apache.juli.logging.DirectJDKLog [restartedMain] Initializing ProtocolHandler ["http-nio-8080"]
2022-04-21 10:36:58,144 INFO org.apache.juli.logging.DirectJDKLog [restartedMain] Starting service [Tomcat]
2022-04-21 10:36:58,144 INFO org.apache.juli.logging.DirectJDKLog [restartedMain] Starting Servlet engine: [Apache Tomcat/9.0.60]
2022-04-21 10:36:58,148 INFO org.apache.juli.logging.DirectJDKLog [restartedMain] Initializing Spring embedded WebApplicationContext
2022-04-21 10:36:58,148 INFO org.springframework.boot.web.servlet.context.ServletWebServerApplicationContext [restartedMain] Root WebApplicationContext: initialization completed in 120 ms
2022-04-21 10:36:58,164 INFO com.zaxxer.hikari.HikariDataSource [restartedMain] HikariPool-3 - Starting...
2022-04-21 10:36:58,168 INFO com.zaxxer.hikari.HikariDataSource [restartedMain] HikariPool-3 - Start completed.
2022-04-21 10:36:58,170 INFO org.hibernate.jpa.internal.util.LogHelper [restartedMain] HHH000204: Processing PersistenceUnitInfo [name: default]
2022-04-21 10:36:58,172 INFO org.hibernate.dialect.Dialect [restartedMain] HHH000400: Using dialect: org.hibernate.dialect.MySQL8Dialect
2022-04-21 10:36:58,198 INFO org.hibernate.engine.transaction.jta.platform.internal.JtaPlatformInitiator [restartedMain] HHH000490: Using JtaPlatform implementation: [org.hibernate.engine.transaction.jta.platform.internal.NoJtaPlatform]
