2022-04-21 11:23:42,948 INFO org.springframework.orm.jpa.AbstractEntityManagerFactoryBean [restartedMain] Initialized JPA EntityManagerFactory for persistence unit 'default'
2022-04-21 11:23:43,010 WARN org.springframework.boot.autoconfigure.orm.jpa.JpaBaseConfiguration$JpaWebConfiguration [restartedMain] spring.jpa.open-in-view is enabled by default. Therefore, database queries may be performed during view rendering. Explicitly configure spring.jpa.open-in-view to disable this warning
2022-04-21 11:23:43,025 INFO org.springframework.security.web.DefaultSecurityFilterChain [restartedMain] Will not secure any request
2022-04-21 11:23:43,049 INFO org.springframework.boot.autoconfigure.web.servlet.WelcomePageHandlerMapping [restartedMain] Adding welcome page: class path resource [static/index.html]
2022-04-21 11:23:43,069 INFO org.springframework.boot.devtools.autoconfigure.OptionalLiveReloadServer [restartedMain] LiveReload server is running on port 35729
2022-04-21 11:23:43,074 INFO org.apache.juli.logging.DirectJDKLog [restartedMain] Starting ProtocolHandler ["http-nio-8080"]
2022-04-21 11:23:43,075 INFO org.springframework.boot.web.embedded.tomcat.TomcatWebServer [restartedMain] Tomcat started on port(s): 8080 (http) with context path '/onlinecourse'
2022-04-21 11:23:43,077 INFO org.springframework.boot.StartupInfoLogger [restartedMain] Started OnlinecourseApplication in 0.305 seconds (JVM running for 3949.898)
2022-04-21 11:23:43,077 INFO org.springframework.boot.devtools.autoconfigure.ConditionEvaluationDeltaLoggingListener [restartedMain] Condition evaluation unchanged
2022-04-21 11:23:44,773 INFO org.apache.juli.logging.DirectJDKLog [http-nio-8080-exec-1] Initializing Spring DispatcherServlet 'dispatcherServlet'
2022-04-21 11:23:44,773 INFO org.springframework.web.servlet.FrameworkServlet [http-nio-8080-exec-1] Initializing Servlet 'dispatcherServlet'
2022-04-21 11:23:44,775 INFO org.springframework.web.servlet.FrameworkServlet [http-nio-8080-exec-1] Completed initialization in 1 ms
2022-04-21 11:23:52,405 INFO com.onlinecourse.utils.Log [http-nio-8080-exec-8] fetching all Roles
2022-04-21 11:23:52,412 INFO com.onlinecourse.utils.Log [http-nio-8080-exec-8] fetching all places
2022-04-21 11:23:54,985 INFO com.onlinecourse.utils.Log [http-nio-8080-exec-10] fetching all Roles
2022-04-21 11:23:54,988 INFO com.onlinecourse.utils.Log [http-nio-8080-exec-10] fetching all places
2022-04-21 11:23:57,170 INFO com.onlinecourse.utils.Log [http-nio-8080-exec-2] fetching all Roles
2022-04-21 11:23:57,173 INFO com.onlinecourse.utils.Log [http-nio-8080-exec-2] fetching all places
2022-04-21 11:24:25,028 INFO org.springframework.orm.jpa.AbstractEntityManagerFactoryBean [Thread-82] Closing JPA EntityManagerFactory for persistence unit 'default'
2022-04-21 11:24:25,028 INFO com.zaxxer.hikari.HikariDataSource [Thread-82] HikariPool-22 - Shutdown initiated...
2022-04-21 11:24:25,029 INFO com.zaxxer.hikari.HikariDataSource [Thread-82] HikariPool-22 - Shutdown completed.
2022-04-21 11:24:25,078 INFO org.springframework.boot.StartupInfoLogger [restartedMain] Starting OnlinecourseApplication using Java 17.0.2 on FSTAdmins-MacBook-Pro.local with PID 3190 (/Users/fst.user/Documents/workspace-sts/onlinecourse/target/classes started by fst.user in /Users/fst.user/Documents/workspace-sts/onlinecourse)
2022-04-21 11:24:25,078 INFO org.springframework.boot.SpringApplication [restartedMain] No active profile set, falling back to 1 default profile: "default"
2022-04-21 11:24:25,141 INFO org.springframework.data.repository.config.RepositoryConfigurationDelegate [restartedMain] Bootstrapping Spring Data JPA repositories in DEFAULT mode.
2022-04-21 11:24:25,149 INFO org.springframework.data.repository.config.RepositoryConfigurationDelegate [restartedMain] Finished Spring Data repository scanning in 7 ms. Found 5 JPA repository interfaces.
2022-04-21 11:24:25,181 INFO org.springframework.boot.web.embedded.tomcat.TomcatWebServer [restartedMain] Tomcat initialized with port(s): 8080 (http)
2022-04-21 11:24:25,181 INFO org.apache.juli.logging.DirectJDKLog [restartedMain] Initializing ProtocolHandler ["http-nio-8080"]
2022-04-21 11:24:25,181 INFO org.apache.juli.logging.DirectJDKLog [restartedMain] Starting service [Tomcat]
2022-04-21 11:24:25,181 INFO org.apache.juli.logging.DirectJDKLog [restartedMain] Starting Servlet engine: [Apache Tomcat/9.0.60]
2022-04-21 11:24:25,185 INFO org.apache.juli.logging.DirectJDKLog [restartedMain] Initializing Spring embedded WebApplicationContext
2022-04-21 11:24:25,185 INFO org.springframework.boot.web.servlet.context.ServletWebServerApplicationContext [restartedMain] Root WebApplicationContext: initialization completed in 106 ms
2022-04-21 11:24:25,198 INFO com.zaxxer.hikari.HikariDataSource [restartedMain] HikariPool-23 - Starting...
2022-04-21 11:24:25,201 INFO com.zaxxer.hikari.HikariDataSource [restartedMain] HikariPool-23 - Start completed.
2022-04-21 11:24:25,203 INFO org.hibernate.jpa.internal.util.LogHelper [restartedMain] HHH000204: Processing PersistenceUnitInfo [name: default]
2022-04-21 11:24:25,204 INFO org.hibernate.dialect.Dialect [restartedMain] HHH000400: Using dialect: org.hibernate.dialect.MySQL8Dialect
2022-04-21 11:24:25,218 INFO org.hibernate.engine.transaction.jta.platform.internal.JtaPlatformInitiator [restartedMain] HHH000490: Using JtaPlatform implementation: [org.hibernate.engine.transaction.jta.platform.internal.NoJtaPlatform]
2022-04-21 11:24:25,218 INFO org.springframework.orm.jpa.AbstractEntityManagerFactoryBean [restartedMain] Initialized JPA EntityManagerFactory for persistence unit 'default'
2022-04-21 11:24:25,280 WARN org.springframework.boot.autoconfigure.orm.jpa.JpaBaseConfiguration$JpaWebConfiguration [restartedMain] spring.jpa.open-in-view is enabled by default. Therefore, database queries may be performed during view rendering. Explicitly configure spring.jpa.open-in-view to disable this warning
2022-04-21 11:24:25,294 INFO org.springframework.security.web.DefaultSecurityFilterChain [restartedMain] Will not secure any request
2022-04-21 11:24:25,314 INFO org.springframework.boot.autoconfigure.web.servlet.WelcomePageHandlerMapping [restartedMain] Adding welcome page: class path resource [static/index.html]
2022-04-21 11:24:25,332 INFO org.springframework.boot.devtools.autoconfigure.OptionalLiveReloadServer [restartedMain] LiveReload server is running on port 35729
2022-04-21 11:24:25,337 INFO org.apache.juli.logging.DirectJDKLog [restartedMain] Starting ProtocolHandler ["http-nio-8080"]
2022-04-21 11:24:25,340 INFO org.springframework.boot.web.embedded.tomcat.TomcatWebServer [restartedMain] Tomcat started on port(s): 8080 (http) with context path '/onlinecourse'
2022-04-21 11:24:25,342 INFO org.springframework.boot.StartupInfoLogger [restartedMain] Started OnlinecourseApplication in 0.274 seconds (JVM running for 3992.163)
2022-04-21 11:24:25,342 INFO org.springframework.boot.devtools.autoconfigure.ConditionEvaluationDeltaLoggingListener [restartedMain] Condition evaluation unchanged
2022-04-21 11:24:34,443 INFO org.apache.juli.logging.DirectJDKLog [http-nio-8080-exec-1] Initializing Spring DispatcherServlet 'dispatcherServlet'
2022-04-21 11:24:34,443 INFO org.springframework.web.servlet.FrameworkServlet [http-nio-8080-exec-1] Initializing Servlet 'dispatcherServlet'
2022-04-21 11:24:34,444 INFO org.springframework.web.servlet.FrameworkServlet [http-nio-8080-exec-1] Completed initialization in 1 ms
2022-04-21 11:24:34,448 INFO com.onlinecourse.utils.Log [http-nio-8080-exec-1] LOGGING OUT USER: duterte
2022-04-21 11:25:57,823 INFO com.onlinecourse.utils.Log [http-nio-8080-exec-8] fetching all Roles
2022-04-21 11:25:57,831 INFO com.onlinecourse.utils.Log [http-nio-8080-exec-8] fetching all places
2022-04-21 11:26:03,394 INFO com.onlinecourse.utils.Log [http-nio-8080-exec-10] LOGGING OUT USER: duterte
2022-04-21 11:26:12,603 INFO com.onlinecourse.utils.Log [http-nio-8080-exec-4] fetching all courses
2022-04-21 11:26:17,429 INFO com.onlinecourse.utils.Log [http-nio-8080-exec-7] fetching all courses
2022-04-21 11:26:19,413 INFO com.onlinecourse.utils.Log [http-nio-8080-exec-9] fetching all courses
2022-04-21 11:26:22,219 INFO com.onlinecourse.utils.Log [http-nio-8080-exec-1] fetching all courses
2022-04-21 11:26:26,329 INFO com.onlinecourse.utils.Log [http-nio-8080-exec-3] fetching all courses
2022-04-21 11:27:07,544 INFO com.onlinecourse.utils.Log [http-nio-8080-exec-6] fetching all courses
2022-04-21 11:27:12,563 INFO com.onlinecourse.utils.Log [http-nio-8080-exec-5] fetching all courses
2022-04-21 11:27:44,160 INFO com.onlinecourse.utils.Log [http-nio-8080-exec-8] fetching all courses
2022-04-21 11:28:28,535 INFO org.springframework.orm.jpa.AbstractEntityManagerFactoryBean [Thread-89] Closing JPA EntityManagerFactory for persistence unit 'default'
2022-04-21 11:28:28,536 INFO com.zaxxer.hikari.HikariDataSource [Thread-89] HikariPool-23 - Shutdown initiated...
2022-04-21 11:28:28,537 INFO com.zaxxer.hikari.HikariDataSource [Thread-89] HikariPool-23 - Shutdown completed.
2022-04-21 11:28:28,746 INFO org.springframework.boot.StartupInfoLogger [restartedMain] Starting OnlinecourseApplication using Java 17.0.2 on FSTAdmins-MacBook-Pro.local with PID 3190 (/Users/fst.user/Documents/workspace-sts/onlinecourse/target/classes started by fst.user in /Users/fst.user/Documents/workspace-sts/onlinecourse)
2022-04-21 11:28:28,747 INFO org.springframework.boot.SpringApplication [restartedMain] No active profile set, falling back to 1 default profile: "default"
2022-04-21 11:28:28,824 INFO org.springframework.data.repository.config.RepositoryConfigurationDelegate [restartedMain] Bootstrapping Spring Data JPA repositories in DEFAULT mode.
2022-04-21 11:28:28,831 INFO org.springframework.data.repository.config.RepositoryConfigurationDelegate [restartedMain] Finished Spring Data repository scanning in 7 ms. Found 5 JPA repository interfaces.
2022-04-21 11:28:28,867 INFO org.springframework.boot.web.embedded.tomcat.TomcatWebServer [restartedMain] Tomcat initialized with port(s): 8080 (http)
2022-04-21 11:28:28,867 INFO org.apache.juli.logging.DirectJDKLog [restartedMain] Initializing ProtocolHandler ["http-nio-8080"]
2022-04-21 11:28:28,867 INFO org.apache.juli.logging.DirectJDKLog [restartedMain] Starting service [Tomcat]
2022-04-21 11:28:28,867 INFO org.apache.juli.logging.DirectJDKLog [restartedMain] Starting Servlet engine: [Apache Tomcat/9.0.60]
2022-04-21 11:28:28,871 INFO org.apache.juli.logging.DirectJDKLog [restartedMain] Initializing Spring embedded WebApplicationContext
2022-04-21 11:28:28,871 INFO org.springframework.boot.web.servlet.context.ServletWebServerApplicationContext [restartedMain] Root WebApplicationContext: initialization completed in 123 ms
2022-04-21 11:28:28,885 INFO com.zaxxer.hikari.HikariDataSource [restartedMain] HikariPool-24 - Starting...
2022-04-21 11:28:28,888 INFO com.zaxxer.hikari.HikariDataSource [restartedMain] HikariPool-24 - Start completed.
2022-04-21 11:28:28,890 INFO org.hibernate.jpa.internal.util.LogHelper [restartedMain] HHH000204: Processing PersistenceUnitInfo [name: default]
2022-04-21 11:28:28,892 INFO org.hibernate.dialect.Dialect [restartedMain] HHH000400: Using dialect: org.hibernate.dialect.MySQL8Dialect
2022-04-21 11:28:28,909 INFO org.hibernate.engine.transaction.jta.platform.internal.JtaPlatformInitiator [restartedMain] HHH000490: Using JtaPlatform implementation: [org.hibernate.engine.transaction.jta.platform.internal.NoJtaPlatform]
