2022-04-21 10:16:37,381 INFO org.springframework.boot.StartupInfoLogger [restartedMain] Starting OnlinecourseApplication using Java 17.0.2 on FSTAdmins-MacBook-Pro.local with PID 3029 (/Users/fst.user/Documents/workspace-sts/onlinecourse/target/classes started by fst.user in /Users/fst.user/Documents/workspace-sts/onlinecourse)
2022-04-21 10:16:37,383 INFO org.springframework.boot.SpringApplication [restartedMain] No active profile set, falling back to 1 default profile: "default"
2022-04-21 10:16:37,403 INFO org.springframework.boot.logging.DeferredLog [restartedMain] The Class-Path manifest attribute in /Users/fst.user/.m2/repository/com/mchange/c3p0/0.9.5.5/c3p0-0.9.5.5.jar referenced one or more files that do not exist: file:/Users/fst.user/.m2/repository/com/mchange/c3p0/0.9.5.5/mchange-commons-java-0.2.19.jar
2022-04-21 10:16:37,403 INFO org.springframework.boot.logging.DeferredLog [restartedMain] Devtools property defaults active! Set 'spring.devtools.add-properties' to 'false' to disable
2022-04-21 10:16:37,403 INFO org.springframework.boot.logging.DeferredLog [restartedMain] For additional web related logging consider setting the 'logging.level.web' property to 'DEBUG'
2022-04-21 10:16:37,732 INFO org.springframework.data.repository.config.RepositoryConfigurationDelegate [restartedMain] Bootstrapping Spring Data JPA repositories in DEFAULT mode.
2022-04-21 10:16:37,760 INFO org.springframework.data.repository.config.RepositoryConfigurationDelegate [restartedMain] Finished Spring Data repository scanning in 24 ms. Found 5 JPA repository interfaces.
2022-04-21 10:16:38,006 INFO org.springframework.boot.web.embedded.tomcat.TomcatWebServer [restartedMain] Tomcat initialized with port(s): 8080 (http)
2022-04-21 10:16:38,010 INFO org.apache.juli.logging.DirectJDKLog [restartedMain] Initializing ProtocolHandler ["http-nio-8080"]
2022-04-21 10:16:38,011 INFO org.apache.juli.logging.DirectJDKLog [restartedMain] Starting service [Tomcat]
2022-04-21 10:16:38,011 INFO org.apache.juli.logging.DirectJDKLog [restartedMain] Starting Servlet engine: [Apache Tomcat/9.0.60]
2022-04-21 10:16:38,040 INFO org.apache.juli.logging.DirectJDKLog [restartedMain] Initializing Spring embedded WebApplicationContext
2022-04-21 10:16:38,041 INFO org.springframework.boot.web.servlet.context.ServletWebServerApplicationContext [restartedMain] Root WebApplicationContext: initialization completed in 638 ms
2022-04-21 10:16:38,108 INFO com.zaxxer.hikari.HikariDataSource [restartedMain] HikariPool-1 - Starting...
2022-04-21 10:16:38,203 INFO com.zaxxer.hikari.HikariDataSource [restartedMain] HikariPool-1 - Start completed.
2022-04-21 10:16:38,226 INFO org.hibernate.jpa.internal.util.LogHelper [restartedMain] HHH000204: Processing PersistenceUnitInfo [name: default]
2022-04-21 10:16:38,247 INFO org.hibernate.Version [restartedMain] HHH000412: Hibernate ORM core version 5.6.7.Final
2022-04-21 10:16:38,312 INFO org.hibernate.annotations.common.reflection.java.JavaReflectionManager [restartedMain] HCANN000001: Hibernate Commons Annotations {5.1.2.Final}
2022-04-21 10:16:38,353 INFO org.hibernate.dialect.Dialect [restartedMain] HHH000400: Using dialect: org.hibernate.dialect.MySQL8Dialect
2022-04-21 10:16:38,585 INFO org.hibernate.engine.transaction.jta.platform.internal.JtaPlatformInitiator [restartedMain] HHH000490: Using JtaPlatform implementation: [org.hibernate.engine.transaction.jta.platform.internal.NoJtaPlatform]
2022-04-21 10:16:38,588 INFO org.springframework.orm.jpa.AbstractEntityManagerFactoryBean [restartedMain] Initialized JPA EntityManagerFactory for persistence unit 'default'
2022-04-21 10:16:38,802 WARN org.springframework.boot.autoconfigure.orm.jpa.JpaBaseConfiguration$JpaWebConfiguration [restartedMain] spring.jpa.open-in-view is enabled by default. Therefore, database queries may be performed during view rendering. Explicitly configure spring.jpa.open-in-view to disable this warning
2022-04-21 10:16:38,882 INFO org.springframework.security.web.DefaultSecurityFilterChain [restartedMain] Will not secure any request
2022-04-21 10:16:38,961 INFO org.springframework.boot.autoconfigure.web.servlet.WelcomePageHandlerMapping [restartedMain] Adding welcome page: class path resource [static/index.html]
2022-04-21 10:16:39,027 INFO org.springframework.boot.devtools.autoconfigure.OptionalLiveReloadServer [restartedMain] LiveReload server is running on port 35729
2022-04-21 10:16:39,040 INFO org.apache.juli.logging.DirectJDKLog [restartedMain] Starting ProtocolHandler ["http-nio-8080"]
2022-04-21 10:16:39,047 INFO org.springframework.boot.web.embedded.tomcat.TomcatWebServer [restartedMain] Tomcat started on port(s): 8080 (http) with context path '/onlinecourse'
2022-04-21 10:16:39,052 INFO org.springframework.boot.StartupInfoLogger [restartedMain] Started OnlinecourseApplication in 1.844 seconds (JVM running for 2.175)
2022-04-21 10:17:03,478 INFO org.springframework.boot.admin.SpringApplicationAdminMXBeanRegistrar$SpringApplicationAdmin [RMI TCP Connection(2)-127.0.0.1] Application shutdown requested.
2022-04-21 10:17:03,496 INFO org.springframework.orm.jpa.AbstractEntityManagerFactoryBean [RMI TCP Connection(2)-127.0.0.1] Closing JPA EntityManagerFactory for persistence unit 'default'
2022-04-21 10:17:03,498 INFO com.zaxxer.hikari.HikariDataSource [RMI TCP Connection(2)-127.0.0.1] HikariPool-1 - Shutdown initiated...
2022-04-21 10:17:03,503 INFO com.zaxxer.hikari.HikariDataSource [RMI TCP Connection(2)-127.0.0.1] HikariPool-1 - Shutdown completed.
2022-04-21 10:17:53,584 INFO org.springframework.boot.StartupInfoLogger [restartedMain] Starting OnlinecourseApplication using Java 17.0.2 on FSTAdmins-MacBook-Pro.local with PID 3190 (/Users/fst.user/Documents/workspace-sts/onlinecourse/target/classes started by fst.user in /Users/fst.user/Documents/workspace-sts/onlinecourse)
2022-04-21 10:17:53,585 INFO org.springframework.boot.SpringApplication [restartedMain] No active profile set, falling back to 1 default profile: "default"
2022-04-21 10:17:53,602 INFO org.springframework.boot.logging.DeferredLog [restartedMain] The Class-Path manifest attribute in /Users/fst.user/.m2/repository/com/mchange/c3p0/0.9.5.5/c3p0-0.9.5.5.jar referenced one or more files that do not exist: file:/Users/fst.user/.m2/repository/com/mchange/c3p0/0.9.5.5/mchange-commons-java-0.2.19.jar
2022-04-21 10:17:53,602 INFO org.springframework.boot.logging.DeferredLog [restartedMain] Devtools property defaults active! Set 'spring.devtools.add-properties' to 'false' to disable
2022-04-21 10:17:53,602 INFO org.springframework.boot.logging.DeferredLog [restartedMain] For additional web related logging consider setting the 'logging.level.web' property to 'DEBUG'
2022-04-21 10:17:53,853 INFO org.springframework.data.repository.config.RepositoryConfigurationDelegate [restartedMain] Bootstrapping Spring Data JPA repositories in DEFAULT mode.
2022-04-21 10:17:53,880 INFO org.springframework.data.repository.config.RepositoryConfigurationDelegate [restartedMain] Finished Spring Data repository scanning in 23 ms. Found 5 JPA repository interfaces.
2022-04-21 10:17:54,110 INFO org.springframework.boot.web.embedded.tomcat.TomcatWebServer [restartedMain] Tomcat initialized with port(s): 8080 (http)
2022-04-21 10:17:54,114 INFO org.apache.juli.logging.DirectJDKLog [restartedMain] Initializing ProtocolHandler ["http-nio-8080"]
2022-04-21 10:17:54,114 INFO org.apache.juli.logging.DirectJDKLog [restartedMain] Starting service [Tomcat]
2022-04-21 10:17:54,114 INFO org.apache.juli.logging.DirectJDKLog [restartedMain] Starting Servlet engine: [Apache Tomcat/9.0.60]
2022-04-21 10:17:54,142 INFO org.apache.juli.logging.DirectJDKLog [restartedMain] Initializing Spring embedded WebApplicationContext
2022-04-21 10:17:54,143 INFO org.springframework.boot.web.servlet.context.ServletWebServerApplicationContext [restartedMain] Root WebApplicationContext: initialization completed in 540 ms
2022-04-21 10:17:54,204 INFO com.zaxxer.hikari.HikariDataSource [restartedMain] HikariPool-1 - Starting...
2022-04-21 10:17:54,270 INFO com.zaxxer.hikari.HikariDataSource [restartedMain] HikariPool-1 - Start completed.
2022-04-21 10:17:54,289 INFO org.hibernate.jpa.internal.util.LogHelper [restartedMain] HHH000204: Processing PersistenceUnitInfo [name: default]
2022-04-21 10:17:54,307 INFO org.hibernate.Version [restartedMain] HHH000412: Hibernate ORM core version 5.6.7.Final
2022-04-21 10:17:54,365 INFO org.hibernate.annotations.common.reflection.java.JavaReflectionManager [restartedMain] HCANN000001: Hibernate Commons Annotations {5.1.2.Final}
2022-04-21 10:17:54,402 INFO org.hibernate.dialect.Dialect [restartedMain] HHH000400: Using dialect: org.hibernate.dialect.MySQL8Dialect
2022-04-21 10:17:54,619 INFO org.hibernate.engine.transaction.jta.platform.internal.JtaPlatformInitiator [restartedMain] HHH000490: Using JtaPlatform implementation: [org.hibernate.engine.transaction.jta.platform.internal.NoJtaPlatform]
2022-04-21 10:17:54,622 INFO org.springframework.orm.jpa.AbstractEntityManagerFactoryBean [restartedMain] Initialized JPA EntityManagerFactory for persistence unit 'default'
2022-04-21 10:17:54,814 WARN org.springframework.boot.autoconfigure.orm.jpa.JpaBaseConfiguration$JpaWebConfiguration [restartedMain] spring.jpa.open-in-view is enabled by default. Therefore, database queries may be performed during view rendering. Explicitly configure spring.jpa.open-in-view to disable this warning
2022-04-21 10:17:54,887 INFO org.springframework.security.web.DefaultSecurityFilterChain [restartedMain] Will not secure any request
2022-04-21 10:17:54,966 INFO org.springframework.boot.autoconfigure.web.servlet.WelcomePageHandlerMapping [restartedMain] Adding welcome page: class path resource [static/index.html]
2022-04-21 10:17:55,028 INFO org.springframework.boot.devtools.autoconfigure.OptionalLiveReloadServer [restartedMain] LiveReload server is running on port 35729
2022-04-21 10:17:55,037 INFO org.apache.juli.logging.DirectJDKLog [restartedMain] Starting ProtocolHandler ["http-nio-8080"]
2022-04-21 10:17:55,043 INFO org.springframework.boot.web.embedded.tomcat.TomcatWebServer [restartedMain] Tomcat started on port(s): 8080 (http) with context path '/onlinecourse'
2022-04-21 10:17:55,048 INFO org.springframework.boot.StartupInfoLogger [restartedMain] Started OnlinecourseApplication in 1.618 seconds (JVM running for 1.921)
