2022-04-13 13:43:05,824 INFO org.springframework.orm.jpa.AbstractEntityManagerFactoryBean [restartedMain] Initialized JPA EntityManagerFactory for persistence unit 'default'
2022-04-13 13:43:05,874 WARN org.springframework.boot.autoconfigure.orm.jpa.JpaBaseConfiguration$JpaWebConfiguration [restartedMain] spring.jpa.open-in-view is enabled by default. Therefore, database queries may be performed during view rendering. Explicitly configure spring.jpa.open-in-view to disable this warning
2022-04-13 13:43:05,881 INFO org.springframework.security.web.DefaultSecurityFilterChain [restartedMain] Will not secure any request
2022-04-13 13:43:05,891 INFO org.springframework.boot.autoconfigure.web.servlet.WelcomePageHandlerMapping [restartedMain] Adding welcome page: class path resource [static/index.html]
2022-04-13 13:43:05,899 INFO org.springframework.boot.devtools.autoconfigure.OptionalLiveReloadServer [restartedMain] LiveReload server is running on port 35729
2022-04-13 13:43:05,900 INFO org.apache.juli.logging.DirectJDKLog [restartedMain] Starting ProtocolHandler ["http-nio-8080"]
2022-04-13 13:43:05,901 INFO org.springframework.boot.web.embedded.tomcat.TomcatWebServer [restartedMain] Tomcat started on port(s): 8080 (http) with context path '/onlinecourse'
2022-04-13 13:43:05,902 INFO org.springframework.boot.StartupInfoLogger [restartedMain] Started OnlinecourseApplication in 0.187 seconds (JVM running for 1459.838)
2022-04-13 13:43:05,903 INFO org.springframework.boot.devtools.autoconfigure.ConditionEvaluationDeltaLoggingListener [restartedMain] Condition evaluation unchanged
2022-04-13 13:43:09,804 INFO org.apache.juli.logging.DirectJDKLog [http-nio-8080-exec-1] Initializing Spring DispatcherServlet 'dispatcherServlet'
2022-04-13 13:43:09,805 INFO org.springframework.web.servlet.FrameworkServlet [http-nio-8080-exec-1] Initializing Servlet 'dispatcherServlet'
2022-04-13 13:43:09,806 INFO org.springframework.web.servlet.FrameworkServlet [http-nio-8080-exec-1] Completed initialization in 1 ms
2022-04-13 13:43:31,275 INFO com.onlinecourse.utils.Log [http-nio-8080-exec-3] Saving new user to the database: earthmars
2022-04-13 13:46:01,862 INFO org.springframework.orm.jpa.AbstractEntityManagerFactoryBean [Thread-35] Closing JPA EntityManagerFactory for persistence unit 'default'
2022-04-13 13:46:01,864 INFO com.zaxxer.hikari.HikariDataSource [Thread-35] HikariPool-9 - Shutdown initiated...
2022-04-13 13:46:01,866 INFO com.zaxxer.hikari.HikariDataSource [Thread-35] HikariPool-9 - Shutdown completed.
2022-04-13 13:46:02,144 INFO org.springframework.boot.StartupInfoLogger [restartedMain] Starting OnlinecourseApplication using Java 17.0.2 on FSTAdmins-MacBook-Pro.local with PID 6658 (/Users/fst.user/Documents/workspace-spring-tool-suite-4-4.14.0.RELEASE/onlinecourse/target/classes started by fst.user in /Users/fst.user/Documents/workspace-spring-tool-suite-4-4.14.0.RELEASE/onlinecourse)
2022-04-13 13:46:02,144 INFO org.springframework.boot.SpringApplication [restartedMain] No active profile set, falling back to 1 default profile: "default"
2022-04-13 13:46:02,220 INFO org.springframework.data.repository.config.RepositoryConfigurationDelegate [restartedMain] Bootstrapping Spring Data JPA repositories in DEFAULT mode.
2022-04-13 13:46:02,229 INFO org.springframework.data.repository.config.RepositoryConfigurationDelegate [restartedMain] Finished Spring Data repository scanning in 8 ms. Found 5 JPA repository interfaces.
2022-04-13 13:46:02,249 INFO org.springframework.boot.web.embedded.tomcat.TomcatWebServer [restartedMain] Tomcat initialized with port(s): 8080 (http)
2022-04-13 13:46:02,249 INFO org.apache.juli.logging.DirectJDKLog [restartedMain] Initializing ProtocolHandler ["http-nio-8080"]
2022-04-13 13:46:02,249 INFO org.apache.juli.logging.DirectJDKLog [restartedMain] Starting service [Tomcat]
2022-04-13 13:46:02,249 INFO org.apache.juli.logging.DirectJDKLog [restartedMain] Starting Servlet engine: [Apache Tomcat/9.0.60]
2022-04-13 13:46:02,252 INFO org.apache.juli.logging.DirectJDKLog [restartedMain] Initializing Spring embedded WebApplicationContext
2022-04-13 13:46:02,253 INFO org.springframework.boot.web.servlet.context.ServletWebServerApplicationContext [restartedMain] Root WebApplicationContext: initialization completed in 106 ms
2022-04-13 13:46:02,260 INFO com.zaxxer.hikari.HikariDataSource [restartedMain] HikariPool-10 - Starting...
2022-04-13 13:46:02,264 INFO com.zaxxer.hikari.HikariDataSource [restartedMain] HikariPool-10 - Start completed.
2022-04-13 13:46:02,266 INFO org.hibernate.jpa.internal.util.LogHelper [restartedMain] HHH000204: Processing PersistenceUnitInfo [name: default]
2022-04-13 13:46:02,267 INFO org.hibernate.dialect.Dialect [restartedMain] HHH000400: Using dialect: org.hibernate.dialect.MySQL8Dialect
2022-04-13 13:46:02,281 INFO org.hibernate.engine.transaction.jta.platform.internal.JtaPlatformInitiator [restartedMain] HHH000490: Using JtaPlatform implementation: [org.hibernate.engine.transaction.jta.platform.internal.NoJtaPlatform]
2022-04-13 13:46:02,281 INFO org.springframework.orm.jpa.AbstractEntityManagerFactoryBean [restartedMain] Initialized JPA EntityManagerFactory for persistence unit 'default'
2022-04-13 13:46:02,336 WARN org.springframework.boot.autoconfigure.orm.jpa.JpaBaseConfiguration$JpaWebConfiguration [restartedMain] spring.jpa.open-in-view is enabled by default. Therefore, database queries may be performed during view rendering. Explicitly configure spring.jpa.open-in-view to disable this warning
2022-04-13 13:46:02,344 INFO org.springframework.security.web.DefaultSecurityFilterChain [restartedMain] Will not secure any request
2022-04-13 13:46:02,354 INFO org.springframework.boot.autoconfigure.web.servlet.WelcomePageHandlerMapping [restartedMain] Adding welcome page: class path resource [static/index.html]
2022-04-13 13:46:02,362 INFO org.springframework.boot.devtools.autoconfigure.OptionalLiveReloadServer [restartedMain] LiveReload server is running on port 35729
2022-04-13 13:46:02,363 INFO org.apache.juli.logging.DirectJDKLog [restartedMain] Starting ProtocolHandler ["http-nio-8080"]
2022-04-13 13:46:02,364 INFO org.springframework.boot.web.embedded.tomcat.TomcatWebServer [restartedMain] Tomcat started on port(s): 8080 (http) with context path '/onlinecourse'
2022-04-13 13:46:02,366 INFO org.springframework.boot.StartupInfoLogger [restartedMain] Started OnlinecourseApplication in 0.444 seconds (JVM running for 1636.27)
2022-04-13 13:46:02,366 INFO org.springframework.boot.devtools.autoconfigure.ConditionEvaluationDeltaLoggingListener [restartedMain] Condition evaluation unchanged
2022-04-13 13:46:05,321 INFO org.apache.juli.logging.DirectJDKLog [http-nio-8080-exec-1] Initializing Spring DispatcherServlet 'dispatcherServlet'
2022-04-13 13:46:05,322 INFO org.springframework.web.servlet.FrameworkServlet [http-nio-8080-exec-1] Initializing Servlet 'dispatcherServlet'
2022-04-13 13:46:05,322 INFO org.springframework.web.servlet.FrameworkServlet [http-nio-8080-exec-1] Completed initialization in 0 ms
2022-04-13 13:46:39,988 INFO com.onlinecourse.utils.Log [http-nio-8080-exec-7] Saving new user to the database: earthmars
2022-04-13 14:02:45,384 WARN com.zaxxer.hikari.pool.HikariPool$HouseKeeper [HikariPool-10 housekeeper] HikariPool-10 - Thread starvation or clock leap detected (housekeeper delta=5m12s830ms).
2022-04-13 14:34:27,792 WARN com.zaxxer.hikari.pool.HikariPool$HouseKeeper [HikariPool-10 housekeeper] HikariPool-10 - Thread starvation or clock leap detected (housekeeper delta=16m31s681ms).
2022-04-13 14:53:03,802 WARN com.zaxxer.hikari.pool.HikariPool$HouseKeeper [HikariPool-10 housekeeper] HikariPool-10 - Thread starvation or clock leap detected (housekeeper delta=18m6s29ms).
2022-04-13 14:57:31,967 WARN com.zaxxer.hikari.pool.HikariPool$HouseKeeper [HikariPool-10 housekeeper] HikariPool-10 - Thread starvation or clock leap detected (housekeeper delta=3m58s171ms).
2022-04-13 15:01:53,858 INFO org.springframework.orm.jpa.AbstractEntityManagerFactoryBean [Thread-39] Closing JPA EntityManagerFactory for persistence unit 'default'
2022-04-13 15:01:53,860 INFO com.zaxxer.hikari.HikariDataSource [Thread-39] HikariPool-10 - Shutdown initiated...
2022-04-13 15:01:53,861 INFO com.zaxxer.hikari.HikariDataSource [Thread-39] HikariPool-10 - Shutdown completed.
2022-04-13 15:01:54,111 INFO org.springframework.boot.StartupInfoLogger [restartedMain] Starting OnlinecourseApplication using Java 17.0.2 on FSTAdmins-MacBook-Pro.local with PID 6658 (/Users/fst.user/Documents/workspace-spring-tool-suite-4-4.14.0.RELEASE/onlinecourse/target/classes started by fst.user in /Users/fst.user/Documents/workspace-spring-tool-suite-4-4.14.0.RELEASE/onlinecourse)
2022-04-13 15:01:54,111 INFO org.springframework.boot.SpringApplication [restartedMain] No active profile set, falling back to 1 default profile: "default"
2022-04-13 15:01:54,176 INFO org.springframework.data.repository.config.RepositoryConfigurationDelegate [restartedMain] Bootstrapping Spring Data JPA repositories in DEFAULT mode.
2022-04-13 15:01:54,185 INFO org.springframework.data.repository.config.RepositoryConfigurationDelegate [restartedMain] Finished Spring Data repository scanning in 8 ms. Found 5 JPA repository interfaces.
2022-04-13 15:01:54,215 INFO org.springframework.boot.web.embedded.tomcat.TomcatWebServer [restartedMain] Tomcat initialized with port(s): 8080 (http)
2022-04-13 15:01:54,215 INFO org.apache.juli.logging.DirectJDKLog [restartedMain] Initializing ProtocolHandler ["http-nio-8080"]
2022-04-13 15:01:54,217 INFO org.apache.juli.logging.DirectJDKLog [restartedMain] Starting service [Tomcat]
2022-04-13 15:01:54,218 INFO org.apache.juli.logging.DirectJDKLog [restartedMain] Starting Servlet engine: [Apache Tomcat/9.0.60]
2022-04-13 15:01:54,222 INFO org.apache.juli.logging.DirectJDKLog [restartedMain] Initializing Spring embedded WebApplicationContext
2022-04-13 15:01:54,222 INFO org.springframework.boot.web.servlet.context.ServletWebServerApplicationContext [restartedMain] Root WebApplicationContext: initialization completed in 109 ms
2022-04-13 15:01:54,230 INFO com.zaxxer.hikari.HikariDataSource [restartedMain] HikariPool-11 - Starting...
2022-04-13 15:01:54,233 INFO com.zaxxer.hikari.HikariDataSource [restartedMain] HikariPool-11 - Start completed.
2022-04-13 15:01:54,235 INFO org.hibernate.jpa.internal.util.LogHelper [restartedMain] HHH000204: Processing PersistenceUnitInfo [name: default]
2022-04-13 15:01:54,236 INFO org.hibernate.dialect.Dialect [restartedMain] HHH000400: Using dialect: org.hibernate.dialect.MySQL8Dialect
2022-04-13 15:01:54,252 INFO org.hibernate.engine.transaction.jta.platform.internal.JtaPlatformInitiator [restartedMain] HHH000490: Using JtaPlatform implementation: [org.hibernate.engine.transaction.jta.platform.internal.NoJtaPlatform]
