2022-04-17 15:51:07,392 INFO org.springframework.boot.autoconfigure.web.servlet.WelcomePageHandlerMapping [restartedMain] Adding welcome page: class path resource [static/index.html]
2022-04-17 15:51:07,451 INFO org.springframework.boot.devtools.autoconfigure.OptionalLiveReloadServer [restartedMain] LiveReload server is running on port 35729
2022-04-17 15:51:07,456 INFO org.apache.juli.logging.DirectJDKLog [restartedMain] Starting ProtocolHandler ["http-nio-8080"]
2022-04-17 15:51:07,464 INFO org.springframework.boot.web.embedded.tomcat.TomcatWebServer [restartedMain] Tomcat started on port(s): 8080 (http) with context path '/onlinecourse'
2022-04-17 15:51:07,469 INFO org.springframework.boot.StartupInfoLogger [restartedMain] Started OnlinecourseApplication in 1.884 seconds (JVM running for 2.149)
2022-04-17 15:51:16,330 INFO org.apache.juli.logging.DirectJDKLog [http-nio-8080-exec-1] Initializing Spring DispatcherServlet 'dispatcherServlet'
2022-04-17 15:51:16,330 INFO org.springframework.web.servlet.FrameworkServlet [http-nio-8080-exec-1] Initializing Servlet 'dispatcherServlet'
2022-04-17 15:51:16,332 INFO org.springframework.web.servlet.FrameworkServlet [http-nio-8080-exec-1] Completed initialization in 2 ms
2022-04-17 16:04:27,257 INFO com.onlinecourse.utils.Log [http-nio-8080-exec-1] fetching all courses
2022-04-17 16:04:45,522 INFO com.onlinecourse.utils.Log [http-nio-8080-exec-3] fetching all courses
2022-04-17 16:04:47,470 INFO com.onlinecourse.utils.Log [http-nio-8080-exec-4] LOGGING OUT USER: obama
2022-04-17 16:05:01,891 INFO com.onlinecourse.utils.Log [http-nio-8080-exec-8] fetching all courses
2022-04-17 16:05:06,750 INFO com.onlinecourse.utils.Log [http-nio-8080-exec-9] Enrolling student duterte to course Elementary Algebra
2022-04-17 16:05:06,771 INFO com.onlinecourse.utils.Log [http-nio-8080-exec-10] fetching all courses
2022-04-17 16:05:07,598 INFO com.onlinecourse.utils.Log [http-nio-8080-exec-1] Enrolling student duterte to course Physics
2022-04-17 16:05:07,609 INFO com.onlinecourse.utils.Log [http-nio-8080-exec-2] fetching all courses
2022-04-17 16:05:09,350 INFO com.onlinecourse.utils.Log [http-nio-8080-exec-3] Enrolling student duterte to course Chemistry
2022-04-17 16:05:09,361 INFO com.onlinecourse.utils.Log [http-nio-8080-exec-4] fetching all courses
2022-04-17 16:05:10,233 INFO com.onlinecourse.utils.Log [http-nio-8080-exec-5] Enrolling student duterte to course History
2022-04-17 16:05:10,244 INFO com.onlinecourse.utils.Log [http-nio-8080-exec-6] fetching all courses
2022-04-17 16:05:28,903 INFO com.onlinecourse.utils.Log [http-nio-8080-exec-7] Dropping student duterte from course Biology
2022-04-17 16:05:28,914 INFO com.onlinecourse.utils.Log [http-nio-8080-exec-8] fetching all courses
2022-04-17 16:05:29,475 INFO com.onlinecourse.utils.Log [http-nio-8080-exec-9] Dropping student duterte from course Chemistry
2022-04-17 16:05:29,482 INFO com.onlinecourse.utils.Log [http-nio-8080-exec-10] fetching all courses
2022-04-17 16:05:30,384 INFO com.onlinecourse.utils.Log [http-nio-8080-exec-1] Dropping student duterte from course Physics
2022-04-17 16:05:30,395 INFO com.onlinecourse.utils.Log [http-nio-8080-exec-2] fetching all courses
2022-04-17 16:05:31,071 INFO com.onlinecourse.utils.Log [http-nio-8080-exec-3] Dropping student duterte from course Elementary Algebra
2022-04-17 16:05:31,083 INFO com.onlinecourse.utils.Log [http-nio-8080-exec-4] fetching all courses
2022-04-17 16:12:53,004 INFO com.onlinecourse.utils.Log [http-nio-8080-exec-8] fetching all courses
2022-04-17 16:13:45,192 INFO com.onlinecourse.utils.Log [http-nio-8080-exec-10] fetching all courses
2022-04-17 16:13:46,411 INFO com.onlinecourse.utils.Log [http-nio-8080-exec-1] LOGGING OUT USER: duterte
2022-04-17 16:14:27,688 INFO com.onlinecourse.utils.Log [http-nio-8080-exec-10] LOGGING OUT USER: supermario
2022-04-17 16:14:41,410 INFO com.onlinecourse.utils.Log [http-nio-8080-exec-4] fetching all courses
2022-04-17 16:16:35,908 INFO com.onlinecourse.utils.Log [http-nio-8080-exec-9] fetching all courses
2022-04-17 16:16:37,044 INFO com.onlinecourse.utils.Log [http-nio-8080-exec-10] LOGGING OUT USER: duterte
2022-04-17 16:17:10,981 INFO com.onlinecourse.utils.Log [http-nio-8080-exec-5] saving course: [0-Database-supermario]
2022-04-17 16:21:54,614 INFO com.onlinecourse.utils.Log [http-nio-8080-exec-9] LOGGING OUT USER: supermario
2022-04-17 16:22:08,931 INFO com.onlinecourse.utils.Log [http-nio-8080-exec-3] fetching all courses
2022-04-17 16:22:24,018 INFO com.onlinecourse.utils.Log [http-nio-8080-exec-4] Enrolling student obama to course Elementary Algebra
2022-04-17 16:22:24,030 INFO com.onlinecourse.utils.Log [http-nio-8080-exec-5] fetching all courses
2022-04-17 16:22:24,530 INFO com.onlinecourse.utils.Log [http-nio-8080-exec-6] Enrolling student obama to course Physics
2022-04-17 16:22:24,539 INFO com.onlinecourse.utils.Log [http-nio-8080-exec-7] fetching all courses
2022-04-17 16:22:24,897 INFO com.onlinecourse.utils.Log [http-nio-8080-exec-8] Enrolling student obama to course Chemistry
2022-04-17 16:22:24,906 INFO com.onlinecourse.utils.Log [http-nio-8080-exec-9] fetching all courses
2022-04-17 16:22:25,310 INFO com.onlinecourse.utils.Log [http-nio-8080-exec-10] Enrolling student obama to course Biology
2022-04-17 16:22:25,320 INFO com.onlinecourse.utils.Log [http-nio-8080-exec-1] fetching all courses
2022-04-17 16:22:25,653 INFO com.onlinecourse.utils.Log [http-nio-8080-exec-2] Enrolling student obama to course History
2022-04-17 16:22:25,664 INFO com.onlinecourse.utils.Log [http-nio-8080-exec-3] fetching all courses
2022-04-17 16:22:26,413 INFO com.onlinecourse.utils.Log [http-nio-8080-exec-4] Enrolling student obama to course Database
2022-04-17 16:22:26,422 INFO com.onlinecourse.utils.Log [http-nio-8080-exec-5] fetching all courses
2022-04-17 16:22:27,565 INFO com.onlinecourse.utils.Log [http-nio-8080-exec-6] LOGGING OUT USER: obama
2022-04-17 16:22:43,564 INFO com.onlinecourse.utils.Log [http-nio-8080-exec-10] fetching all courses
2022-04-17 16:22:50,885 INFO com.onlinecourse.utils.Log [http-nio-8080-exec-1] Enrolling student duterte to course Elementary Algebra
2022-04-17 16:22:50,898 INFO com.onlinecourse.utils.Log [http-nio-8080-exec-2] fetching all courses
2022-04-17 16:22:51,280 INFO com.onlinecourse.utils.Log [http-nio-8080-exec-3] Enrolling student duterte to course Physics
2022-04-17 16:22:51,290 INFO com.onlinecourse.utils.Log [http-nio-8080-exec-4] fetching all courses
2022-04-17 16:22:51,628 INFO com.onlinecourse.utils.Log [http-nio-8080-exec-5] Enrolling student duterte to course Chemistry
2022-04-17 16:22:51,638 INFO com.onlinecourse.utils.Log [http-nio-8080-exec-6] fetching all courses
2022-04-17 16:22:52,002 INFO com.onlinecourse.utils.Log [http-nio-8080-exec-7] Enrolling student duterte to course Biology
2022-04-17 16:22:52,017 INFO com.onlinecourse.utils.Log [http-nio-8080-exec-8] fetching all courses
2022-04-17 16:22:52,563 INFO com.onlinecourse.utils.Log [http-nio-8080-exec-9] Enrolling student duterte to course Database
2022-04-17 16:22:52,573 INFO com.onlinecourse.utils.Log [http-nio-8080-exec-10] fetching all courses
2022-04-17 16:25:54,936 INFO org.springframework.orm.jpa.AbstractEntityManagerFactoryBean [SpringApplicationShutdownHook] Closing JPA EntityManagerFactory for persistence unit 'default'
2022-04-17 16:25:54,939 INFO com.zaxxer.hikari.HikariDataSource [SpringApplicationShutdownHook] HikariPool-1 - Shutdown initiated...
2022-04-17 16:25:54,940 INFO com.zaxxer.hikari.HikariDataSource [SpringApplicationShutdownHook] HikariPool-1 - Shutdown completed.
2022-04-17 16:29:12,726 INFO org.springframework.boot.StartupInfoLogger [restartedMain] Starting OnlinecourseApplication using Java 17.0.2 on FSTAdmins-MacBook-Pro.local with PID 2412 (/Users/fst.user/Documents/workspace-spring-tool-suite-4-4.14.0.RELEASE/onlinecourse/target/classes started by fst.user in /Users/fst.user/Documents/workspace-spring-tool-suite-4-4.14.0.RELEASE/onlinecourse)
2022-04-17 16:29:12,727 INFO org.springframework.boot.SpringApplication [restartedMain] No active profile set, falling back to 1 default profile: "default"
2022-04-17 16:29:12,753 INFO org.springframework.boot.logging.DeferredLog [restartedMain] The Class-Path manifest attribute in /Users/fst.user/.m2/repository/com/mchange/c3p0/0.9.5.5/c3p0-0.9.5.5.jar referenced one or more files that do not exist: file:/Users/fst.user/.m2/repository/com/mchange/c3p0/0.9.5.5/mchange-commons-java-0.2.19.jar
2022-04-17 16:29:12,753 INFO org.springframework.boot.logging.DeferredLog [restartedMain] Devtools property defaults active! Set 'spring.devtools.add-properties' to 'false' to disable
2022-04-17 16:29:12,753 INFO org.springframework.boot.logging.DeferredLog [restartedMain] For additional web related logging consider setting the 'logging.level.web' property to 'DEBUG'
2022-04-17 16:29:13,073 INFO org.springframework.data.repository.config.RepositoryConfigurationDelegate [restartedMain] Bootstrapping Spring Data JPA repositories in DEFAULT mode.
2022-04-17 16:29:13,105 INFO org.springframework.data.repository.config.RepositoryConfigurationDelegate [restartedMain] Finished Spring Data repository scanning in 26 ms. Found 5 JPA repository interfaces.
2022-04-17 16:29:13,437 INFO org.springframework.boot.web.embedded.tomcat.TomcatWebServer [restartedMain] Tomcat initialized with port(s): 8080 (http)
2022-04-17 16:29:13,443 INFO org.apache.juli.logging.DirectJDKLog [restartedMain] Initializing ProtocolHandler ["http-nio-8080"]
2022-04-17 16:29:13,443 INFO org.apache.juli.logging.DirectJDKLog [restartedMain] Starting service [Tomcat]
2022-04-17 16:29:13,443 INFO org.apache.juli.logging.DirectJDKLog [restartedMain] Starting Servlet engine: [Apache Tomcat/9.0.60]
2022-04-17 16:29:13,479 INFO org.apache.juli.logging.DirectJDKLog [restartedMain] Initializing Spring embedded WebApplicationContext
2022-04-17 16:29:13,479 INFO org.springframework.boot.web.servlet.context.ServletWebServerApplicationContext [restartedMain] Root WebApplicationContext: initialization completed in 725 ms
2022-04-17 16:29:13,574 INFO com.zaxxer.hikari.HikariDataSource [restartedMain] HikariPool-1 - Starting...
2022-04-17 16:29:13,662 INFO com.zaxxer.hikari.HikariDataSource [restartedMain] HikariPool-1 - Start completed.
