2022-04-16 18:17:45,161 INFO org.springframework.orm.jpa.AbstractEntityManagerFactoryBean [Thread-11] Closing JPA EntityManagerFactory for persistence unit 'default'
2022-04-16 18:17:45,163 INFO com.zaxxer.hikari.HikariDataSource [Thread-11] HikariPool-3 - Shutdown initiated...
2022-04-16 18:17:45,164 INFO com.zaxxer.hikari.HikariDataSource [Thread-11] HikariPool-3 - Shutdown completed.
2022-04-16 18:17:45,410 INFO org.springframework.boot.StartupInfoLogger [restartedMain] Starting OnlinecourseApplication using Java 17.0.2 on FSTAdmins-MacBook-Pro.local with PID 4687 (/Users/fst.user/Documents/workspace-spring-tool-suite-4-4.14.0.RELEASE/onlinecourse/target/classes started by fst.user in /Users/fst.user/Documents/workspace-spring-tool-suite-4-4.14.0.RELEASE/onlinecourse)
2022-04-16 18:17:45,410 INFO org.springframework.boot.SpringApplication [restartedMain] No active profile set, falling back to 1 default profile: "default"
2022-04-16 18:17:45,478 INFO org.springframework.data.repository.config.RepositoryConfigurationDelegate [restartedMain] Bootstrapping Spring Data JPA repositories in DEFAULT mode.
2022-04-16 18:17:45,487 INFO org.springframework.data.repository.config.RepositoryConfigurationDelegate [restartedMain] Finished Spring Data repository scanning in 8 ms. Found 5 JPA repository interfaces.
2022-04-16 18:17:45,516 INFO org.springframework.boot.web.embedded.tomcat.TomcatWebServer [restartedMain] Tomcat initialized with port(s): 8080 (http)
2022-04-16 18:17:45,517 INFO org.apache.juli.logging.DirectJDKLog [restartedMain] Initializing ProtocolHandler ["http-nio-8080"]
2022-04-16 18:17:45,517 INFO org.apache.juli.logging.DirectJDKLog [restartedMain] Starting service [Tomcat]
2022-04-16 18:17:45,517 INFO org.apache.juli.logging.DirectJDKLog [restartedMain] Starting Servlet engine: [Apache Tomcat/9.0.60]
2022-04-16 18:17:45,522 INFO org.apache.juli.logging.DirectJDKLog [restartedMain] Initializing Spring embedded WebApplicationContext
2022-04-16 18:17:45,522 INFO org.springframework.boot.web.servlet.context.ServletWebServerApplicationContext [restartedMain] Root WebApplicationContext: initialization completed in 111 ms
2022-04-16 18:17:45,535 INFO com.zaxxer.hikari.HikariDataSource [restartedMain] HikariPool-4 - Starting...
2022-04-16 18:17:45,538 INFO com.zaxxer.hikari.HikariDataSource [restartedMain] HikariPool-4 - Start completed.
2022-04-16 18:17:45,540 INFO org.hibernate.jpa.internal.util.LogHelper [restartedMain] HHH000204: Processing PersistenceUnitInfo [name: default]
2022-04-16 18:17:45,541 INFO org.hibernate.dialect.Dialect [restartedMain] HHH000400: Using dialect: org.hibernate.dialect.MySQL8Dialect
2022-04-16 18:17:45,562 INFO org.hibernate.engine.transaction.jta.platform.internal.JtaPlatformInitiator [restartedMain] HHH000490: Using JtaPlatform implementation: [org.hibernate.engine.transaction.jta.platform.internal.NoJtaPlatform]
2022-04-16 18:17:45,562 INFO org.springframework.orm.jpa.AbstractEntityManagerFactoryBean [restartedMain] Initialized JPA EntityManagerFactory for persistence unit 'default'
2022-04-16 18:17:45,621 WARN org.springframework.boot.autoconfigure.orm.jpa.JpaBaseConfiguration$JpaWebConfiguration [restartedMain] spring.jpa.open-in-view is enabled by default. Therefore, database queries may be performed during view rendering. Explicitly configure spring.jpa.open-in-view to disable this warning
2022-04-16 18:17:45,632 INFO org.springframework.security.web.DefaultSecurityFilterChain [restartedMain] Will not secure any request
2022-04-16 18:17:45,648 INFO org.springframework.boot.autoconfigure.web.servlet.WelcomePageHandlerMapping [restartedMain] Adding welcome page: class path resource [static/index.html]
2022-04-16 18:17:45,660 INFO org.springframework.boot.devtools.autoconfigure.OptionalLiveReloadServer [restartedMain] LiveReload server is running on port 35729
2022-04-16 18:17:45,662 INFO org.apache.juli.logging.DirectJDKLog [restartedMain] Starting ProtocolHandler ["http-nio-8080"]
2022-04-16 18:17:45,663 INFO org.springframework.boot.web.embedded.tomcat.TomcatWebServer [restartedMain] Tomcat started on port(s): 8080 (http) with context path '/onlinecourse'
2022-04-16 18:17:45,664 INFO org.springframework.boot.StartupInfoLogger [restartedMain] Started OnlinecourseApplication in 0.467 seconds (JVM running for 340.839)
2022-04-16 18:17:45,664 INFO org.springframework.boot.devtools.autoconfigure.ConditionEvaluationDeltaLoggingListener [restartedMain] Condition evaluation unchanged
2022-04-16 18:18:15,235 INFO org.apache.juli.logging.DirectJDKLog [http-nio-8080-exec-1] Initializing Spring DispatcherServlet 'dispatcherServlet'
2022-04-16 18:18:15,236 INFO org.springframework.web.servlet.FrameworkServlet [http-nio-8080-exec-1] Initializing Servlet 'dispatcherServlet'
2022-04-16 18:18:15,238 INFO org.springframework.web.servlet.FrameworkServlet [http-nio-8080-exec-1] Completed initialization in 2 ms
2022-04-16 18:18:49,476 INFO com.onlinecourse.utils.Log [http-nio-8080-exec-3] LOGGING OUT USER: supermario
2022-04-16 18:19:25,538 INFO org.springframework.orm.jpa.AbstractEntityManagerFactoryBean [Thread-15] Closing JPA EntityManagerFactory for persistence unit 'default'
2022-04-16 18:19:25,539 INFO com.zaxxer.hikari.HikariDataSource [Thread-15] HikariPool-4 - Shutdown initiated...
2022-04-16 18:19:25,540 INFO com.zaxxer.hikari.HikariDataSource [Thread-15] HikariPool-4 - Shutdown completed.
2022-04-16 18:19:25,592 INFO org.springframework.boot.StartupInfoLogger [restartedMain] Starting OnlinecourseApplication using Java 17.0.2 on FSTAdmins-MacBook-Pro.local with PID 4687 (/Users/fst.user/Documents/workspace-spring-tool-suite-4-4.14.0.RELEASE/onlinecourse/target/classes started by fst.user in /Users/fst.user/Documents/workspace-spring-tool-suite-4-4.14.0.RELEASE/onlinecourse)
2022-04-16 18:19:25,592 INFO org.springframework.boot.SpringApplication [restartedMain] No active profile set, falling back to 1 default profile: "default"
2022-04-16 18:19:25,645 INFO org.springframework.data.repository.config.RepositoryConfigurationDelegate [restartedMain] Bootstrapping Spring Data JPA repositories in DEFAULT mode.
2022-04-16 18:19:25,655 INFO org.springframework.data.repository.config.RepositoryConfigurationDelegate [restartedMain] Finished Spring Data repository scanning in 9 ms. Found 5 JPA repository interfaces.
2022-04-16 18:19:25,688 INFO org.springframework.boot.web.embedded.tomcat.TomcatWebServer [restartedMain] Tomcat initialized with port(s): 8080 (http)
2022-04-16 18:19:25,689 INFO org.apache.juli.logging.DirectJDKLog [restartedMain] Initializing ProtocolHandler ["http-nio-8080"]
2022-04-16 18:19:25,689 INFO org.apache.juli.logging.DirectJDKLog [restartedMain] Starting service [Tomcat]
2022-04-16 18:19:25,689 INFO org.apache.juli.logging.DirectJDKLog [restartedMain] Starting Servlet engine: [Apache Tomcat/9.0.60]
2022-04-16 18:19:25,695 INFO org.apache.juli.logging.DirectJDKLog [restartedMain] Initializing Spring embedded WebApplicationContext
2022-04-16 18:19:25,695 INFO org.springframework.boot.web.servlet.context.ServletWebServerApplicationContext [restartedMain] Root WebApplicationContext: initialization completed in 102 ms
2022-04-16 18:19:25,705 INFO com.zaxxer.hikari.HikariDataSource [restartedMain] HikariPool-5 - Starting...
2022-04-16 18:19:25,708 INFO com.zaxxer.hikari.HikariDataSource [restartedMain] HikariPool-5 - Start completed.
2022-04-16 18:19:25,709 INFO org.hibernate.jpa.internal.util.LogHelper [restartedMain] HHH000204: Processing PersistenceUnitInfo [name: default]
2022-04-16 18:19:25,711 INFO org.hibernate.dialect.Dialect [restartedMain] HHH000400: Using dialect: org.hibernate.dialect.MySQL8Dialect
2022-04-16 18:19:25,732 INFO org.hibernate.engine.transaction.jta.platform.internal.JtaPlatformInitiator [restartedMain] HHH000490: Using JtaPlatform implementation: [org.hibernate.engine.transaction.jta.platform.internal.NoJtaPlatform]
2022-04-16 18:19:25,733 INFO org.springframework.orm.jpa.AbstractEntityManagerFactoryBean [restartedMain] Initialized JPA EntityManagerFactory for persistence unit 'default'
2022-04-16 18:19:25,787 WARN org.springframework.boot.autoconfigure.orm.jpa.JpaBaseConfiguration$JpaWebConfiguration [restartedMain] spring.jpa.open-in-view is enabled by default. Therefore, database queries may be performed during view rendering. Explicitly configure spring.jpa.open-in-view to disable this warning
2022-04-16 18:19:25,798 INFO org.springframework.security.web.DefaultSecurityFilterChain [restartedMain] Will not secure any request
2022-04-16 18:19:25,813 INFO org.springframework.boot.autoconfigure.web.servlet.WelcomePageHandlerMapping [restartedMain] Adding welcome page: class path resource [static/index.html]
2022-04-16 18:19:25,825 INFO org.springframework.boot.devtools.autoconfigure.OptionalLiveReloadServer [restartedMain] LiveReload server is running on port 35729
2022-04-16 18:19:25,827 INFO org.apache.juli.logging.DirectJDKLog [restartedMain] Starting ProtocolHandler ["http-nio-8080"]
2022-04-16 18:19:25,828 INFO org.springframework.boot.web.embedded.tomcat.TomcatWebServer [restartedMain] Tomcat started on port(s): 8080 (http) with context path '/onlinecourse'
2022-04-16 18:19:25,830 INFO org.springframework.boot.StartupInfoLogger [restartedMain] Started OnlinecourseApplication in 0.252 seconds (JVM running for 441.005)
2022-04-16 18:19:25,830 INFO org.springframework.boot.devtools.autoconfigure.ConditionEvaluationDeltaLoggingListener [restartedMain] Condition evaluation unchanged
2022-04-16 18:19:31,990 INFO org.springframework.orm.jpa.AbstractEntityManagerFactoryBean [SpringApplicationShutdownHook] Closing JPA EntityManagerFactory for persistence unit 'default'
2022-04-16 18:19:31,990 INFO com.zaxxer.hikari.HikariDataSource [SpringApplicationShutdownHook] HikariPool-5 - Shutdown initiated...
2022-04-16 18:19:31,991 INFO com.zaxxer.hikari.HikariDataSource [SpringApplicationShutdownHook] HikariPool-5 - Shutdown completed.
2022-04-16 18:31:38,996 INFO org.springframework.boot.StartupInfoLogger [restartedMain] Starting OnlinecourseApplication using Java 17.0.2 on FSTAdmins-MacBook-Pro.local with PID 4966 (/Users/fst.user/Documents/workspace-spring-tool-suite-4-4.14.0.RELEASE/onlinecourse/target/classes started by fst.user in /Users/fst.user/Documents/workspace-spring-tool-suite-4-4.14.0.RELEASE/onlinecourse)
2022-04-16 18:31:38,997 INFO org.springframework.boot.SpringApplication [restartedMain] No active profile set, falling back to 1 default profile: "default"
2022-04-16 18:31:39,022 INFO org.springframework.boot.logging.DeferredLog [restartedMain] The Class-Path manifest attribute in /Users/fst.user/.m2/repository/com/mchange/c3p0/0.9.5.5/c3p0-0.9.5.5.jar referenced one or more files that do not exist: file:/Users/fst.user/.m2/repository/com/mchange/c3p0/0.9.5.5/mchange-commons-java-0.2.19.jar
2022-04-16 18:31:39,022 INFO org.springframework.boot.logging.DeferredLog [restartedMain] Devtools property defaults active! Set 'spring.devtools.add-properties' to 'false' to disable
2022-04-16 18:31:39,022 INFO org.springframework.boot.logging.DeferredLog [restartedMain] For additional web related logging consider setting the 'logging.level.web' property to 'DEBUG'
2022-04-16 18:31:39,289 INFO org.springframework.data.repository.config.RepositoryConfigurationDelegate [restartedMain] Bootstrapping Spring Data JPA repositories in DEFAULT mode.
2022-04-16 18:31:39,320 INFO org.springframework.data.repository.config.RepositoryConfigurationDelegate [restartedMain] Finished Spring Data repository scanning in 26 ms. Found 5 JPA repository interfaces.
2022-04-16 18:31:39,602 INFO org.springframework.boot.web.embedded.tomcat.TomcatWebServer [restartedMain] Tomcat initialized with port(s): 8080 (http)
2022-04-16 18:31:39,607 INFO org.apache.juli.logging.DirectJDKLog [restartedMain] Initializing ProtocolHandler ["http-nio-8080"]
2022-04-16 18:31:39,607 INFO org.apache.juli.logging.DirectJDKLog [restartedMain] Starting service [Tomcat]
2022-04-16 18:31:39,607 INFO org.apache.juli.logging.DirectJDKLog [restartedMain] Starting Servlet engine: [Apache Tomcat/9.0.60]
2022-04-16 18:31:39,641 INFO org.apache.juli.logging.DirectJDKLog [restartedMain] Initializing Spring embedded WebApplicationContext
2022-04-16 18:31:39,641 INFO org.springframework.boot.web.servlet.context.ServletWebServerApplicationContext [restartedMain] Root WebApplicationContext: initialization completed in 618 ms
2022-04-16 18:31:39,713 INFO com.zaxxer.hikari.HikariDataSource [restartedMain] HikariPool-1 - Starting...
