2022-04-16 18:36:35,580 INFO org.springframework.orm.jpa.AbstractEntityManagerFactoryBean [restartedMain] Initialized JPA EntityManagerFactory for persistence unit 'default'
2022-04-16 18:36:35,643 WARN org.springframework.boot.autoconfigure.orm.jpa.JpaBaseConfiguration$JpaWebConfiguration [restartedMain] spring.jpa.open-in-view is enabled by default. Therefore, database queries may be performed during view rendering. Explicitly configure spring.jpa.open-in-view to disable this warning
2022-04-16 18:36:35,657 INFO org.springframework.security.web.DefaultSecurityFilterChain [restartedMain] Will not secure any request
2022-04-16 18:36:35,678 INFO org.springframework.boot.autoconfigure.web.servlet.WelcomePageHandlerMapping [restartedMain] Adding welcome page: class path resource [static/index.html]
2022-04-16 18:36:35,689 INFO org.springframework.boot.devtools.autoconfigure.OptionalLiveReloadServer [restartedMain] LiveReload server is running on port 35729
2022-04-16 18:36:35,692 INFO org.apache.juli.logging.DirectJDKLog [restartedMain] Starting ProtocolHandler ["http-nio-8080"]
2022-04-16 18:36:35,692 INFO org.springframework.boot.web.embedded.tomcat.TomcatWebServer [restartedMain] Tomcat started on port(s): 8080 (http) with context path '/onlinecourse'
2022-04-16 18:36:35,694 INFO org.springframework.boot.StartupInfoLogger [restartedMain] Started OnlinecourseApplication in 0.276 seconds (JVM running for 297.263)
2022-04-16 18:36:35,695 INFO org.springframework.boot.devtools.autoconfigure.ConditionEvaluationDeltaLoggingListener [restartedMain] Condition evaluation unchanged
2022-04-16 18:38:40,986 INFO org.springframework.orm.jpa.AbstractEntityManagerFactoryBean [Thread-11] Closing JPA EntityManagerFactory for persistence unit 'default'
2022-04-16 18:38:40,988 INFO com.zaxxer.hikari.HikariDataSource [Thread-11] HikariPool-3 - Shutdown initiated...
2022-04-16 18:38:40,989 INFO com.zaxxer.hikari.HikariDataSource [Thread-11] HikariPool-3 - Shutdown completed.
2022-04-16 18:38:41,234 INFO org.springframework.boot.StartupInfoLogger [restartedMain] Starting OnlinecourseApplication using Java 17.0.2 on FSTAdmins-MacBook-Pro.local with PID 4966 (/Users/fst.user/Documents/workspace-spring-tool-suite-4-4.14.0.RELEASE/onlinecourse/target/classes started by fst.user in /Users/fst.user/Documents/workspace-spring-tool-suite-4-4.14.0.RELEASE/onlinecourse)
2022-04-16 18:38:41,234 INFO org.springframework.boot.SpringApplication [restartedMain] No active profile set, falling back to 1 default profile: "default"
2022-04-16 18:38:41,300 INFO org.springframework.data.repository.config.RepositoryConfigurationDelegate [restartedMain] Bootstrapping Spring Data JPA repositories in DEFAULT mode.
2022-04-16 18:38:41,312 INFO org.springframework.data.repository.config.RepositoryConfigurationDelegate [restartedMain] Finished Spring Data repository scanning in 11 ms. Found 5 JPA repository interfaces.
2022-04-16 18:38:41,340 INFO org.springframework.boot.web.embedded.tomcat.TomcatWebServer [restartedMain] Tomcat initialized with port(s): 8080 (http)
2022-04-16 18:38:41,340 INFO org.apache.juli.logging.DirectJDKLog [restartedMain] Initializing ProtocolHandler ["http-nio-8080"]
2022-04-16 18:38:41,340 INFO org.apache.juli.logging.DirectJDKLog [restartedMain] Starting service [Tomcat]
2022-04-16 18:38:41,341 INFO org.apache.juli.logging.DirectJDKLog [restartedMain] Starting Servlet engine: [Apache Tomcat/9.0.60]
2022-04-16 18:38:41,345 INFO org.apache.juli.logging.DirectJDKLog [restartedMain] Initializing Spring embedded WebApplicationContext
2022-04-16 18:38:41,345 INFO org.springframework.boot.web.servlet.context.ServletWebServerApplicationContext [restartedMain] Root WebApplicationContext: initialization completed in 110 ms
2022-04-16 18:38:41,356 INFO com.zaxxer.hikari.HikariDataSource [restartedMain] HikariPool-4 - Starting...
2022-04-16 18:38:41,360 INFO com.zaxxer.hikari.HikariDataSource [restartedMain] HikariPool-4 - Start completed.
2022-04-16 18:38:41,362 INFO org.hibernate.jpa.internal.util.LogHelper [restartedMain] HHH000204: Processing PersistenceUnitInfo [name: default]
2022-04-16 18:38:41,364 INFO org.hibernate.dialect.Dialect [restartedMain] HHH000400: Using dialect: org.hibernate.dialect.MySQL8Dialect
2022-04-16 18:38:41,389 INFO org.hibernate.engine.transaction.jta.platform.internal.JtaPlatformInitiator [restartedMain] HHH000490: Using JtaPlatform implementation: [org.hibernate.engine.transaction.jta.platform.internal.NoJtaPlatform]
2022-04-16 18:38:41,389 INFO org.springframework.orm.jpa.AbstractEntityManagerFactoryBean [restartedMain] Initialized JPA EntityManagerFactory for persistence unit 'default'
2022-04-16 18:38:41,447 WARN org.springframework.boot.autoconfigure.orm.jpa.JpaBaseConfiguration$JpaWebConfiguration [restartedMain] spring.jpa.open-in-view is enabled by default. Therefore, database queries may be performed during view rendering. Explicitly configure spring.jpa.open-in-view to disable this warning
2022-04-16 18:38:41,459 INFO org.springframework.security.web.DefaultSecurityFilterChain [restartedMain] Will not secure any request
2022-04-16 18:38:41,477 INFO org.springframework.boot.autoconfigure.web.servlet.WelcomePageHandlerMapping [restartedMain] Adding welcome page: class path resource [static/index.html]
2022-04-16 18:38:41,488 INFO org.springframework.boot.devtools.autoconfigure.OptionalLiveReloadServer [restartedMain] LiveReload server is running on port 35729
2022-04-16 18:38:41,490 INFO org.apache.juli.logging.DirectJDKLog [restartedMain] Starting ProtocolHandler ["http-nio-8080"]
2022-04-16 18:38:41,490 INFO org.springframework.boot.web.embedded.tomcat.TomcatWebServer [restartedMain] Tomcat started on port(s): 8080 (http) with context path '/onlinecourse'
2022-04-16 18:38:41,495 INFO org.springframework.boot.StartupInfoLogger [restartedMain] Started OnlinecourseApplication in 0.469 seconds (JVM running for 423.063)
2022-04-16 18:38:41,495 INFO org.springframework.boot.devtools.autoconfigure.ConditionEvaluationDeltaLoggingListener [restartedMain] Condition evaluation unchanged
2022-04-16 18:38:47,222 INFO org.apache.juli.logging.DirectJDKLog [http-nio-8080-exec-1] Initializing Spring DispatcherServlet 'dispatcherServlet'
2022-04-16 18:38:47,223 INFO org.springframework.web.servlet.FrameworkServlet [http-nio-8080-exec-1] Initializing Servlet 'dispatcherServlet'
2022-04-16 18:38:47,224 INFO org.springframework.web.servlet.FrameworkServlet [http-nio-8080-exec-1] Completed initialization in 1 ms
2022-04-16 18:38:47,233 INFO com.onlinecourse.utils.Log [http-nio-8080-exec-1] fetching all courses
2022-04-16 18:44:18,207 INFO com.onlinecourse.utils.Log [http-nio-8080-exec-3] fetching all courses
2022-04-16 18:45:03,888 INFO com.onlinecourse.utils.Log [http-nio-8080-exec-4] fetching all courses
2022-04-16 19:04:57,824 WARN com.zaxxer.hikari.pool.HikariPool$HouseKeeper [HikariPool-4 housekeeper] HikariPool-4 - Thread starvation or clock leap detected (housekeeper delta=9m16s228ms).
2022-04-16 19:09:49,113 INFO com.onlinecourse.utils.Log [http-nio-8080-exec-8] fetching all courses
2022-04-16 19:20:03,349 INFO com.onlinecourse.utils.Log [http-nio-8080-exec-1] fetching all courses
2022-04-16 19:25:04,993 INFO com.onlinecourse.utils.Log [http-nio-8080-exec-3] fetching all courses
2022-04-16 19:26:35,958 INFO com.onlinecourse.utils.Log [http-nio-8080-exec-7] fetching all Roles
2022-04-16 19:26:35,969 INFO com.onlinecourse.utils.Log [http-nio-8080-exec-7] fetching all places
2022-04-16 19:27:27,576 INFO com.onlinecourse.utils.Log [http-nio-8080-exec-10] fetching all Roles
2022-04-16 19:27:27,581 INFO com.onlinecourse.utils.Log [http-nio-8080-exec-10] fetching all places
2022-04-16 19:27:47,258 INFO com.onlinecourse.utils.Log [http-nio-8080-exec-1] getting role with an id of 4
2022-04-16 19:27:47,359 INFO com.onlinecourse.utils.Log [http-nio-8080-exec-1] Saving new user to the database: earthmars
2022-04-16 19:27:49,194 INFO com.onlinecourse.utils.Log [http-nio-8080-exec-3] fetching all Roles
2022-04-16 19:27:49,200 INFO com.onlinecourse.utils.Log [http-nio-8080-exec-3] fetching all places
2022-04-16 19:27:51,347 INFO com.onlinecourse.utils.Log [http-nio-8080-exec-5] fetching all Roles
2022-04-16 19:27:51,354 INFO com.onlinecourse.utils.Log [http-nio-8080-exec-5] fetching all places
2022-04-16 19:30:17,450 INFO com.onlinecourse.utils.Log [http-nio-8080-exec-6] fetching all courses
2022-04-16 19:31:56,658 INFO com.onlinecourse.utils.Log [http-nio-8080-exec-8] fetching all Roles
2022-04-16 19:31:56,662 INFO com.onlinecourse.utils.Log [http-nio-8080-exec-8] fetching all places
2022-04-16 19:32:51,881 INFO com.onlinecourse.utils.Log [http-nio-8080-exec-1] fetching all courses
2022-04-16 19:32:55,652 INFO com.onlinecourse.utils.Log [http-nio-8080-exec-3] LOGGING OUT USER: daryll
2022-04-16 19:33:38,780 INFO com.onlinecourse.utils.Log [http-nio-8080-exec-9] fetching all courses
2022-04-16 19:40:41,194 INFO org.springframework.orm.jpa.AbstractEntityManagerFactoryBean [SpringApplicationShutdownHook] Closing JPA EntityManagerFactory for persistence unit 'default'
2022-04-16 19:40:41,195 INFO com.zaxxer.hikari.HikariDataSource [SpringApplicationShutdownHook] HikariPool-4 - Shutdown initiated...
2022-04-16 19:40:41,196 INFO com.zaxxer.hikari.HikariDataSource [SpringApplicationShutdownHook] HikariPool-4 - Shutdown completed.
2022-04-16 21:37:30,845 INFO org.springframework.boot.StartupInfoLogger [restartedMain] Starting OnlinecourseApplication using Java 17.0.2 on FSTAdmins-MacBook-Pro.local with PID 6824 (/Users/fst.user/Documents/workspace-spring-tool-suite-4-4.14.0.RELEASE/onlinecourse/target/classes started by fst.user in /Users/fst.user/Documents/workspace-spring-tool-suite-4-4.14.0.RELEASE/onlinecourse)
2022-04-16 21:37:30,846 INFO org.springframework.boot.SpringApplication [restartedMain] No active profile set, falling back to 1 default profile: "default"
2022-04-16 21:37:30,872 INFO org.springframework.boot.logging.DeferredLog [restartedMain] The Class-Path manifest attribute in /Users/fst.user/.m2/repository/com/mchange/c3p0/0.9.5.5/c3p0-0.9.5.5.jar referenced one or more files that do not exist: file:/Users/fst.user/.m2/repository/com/mchange/c3p0/0.9.5.5/mchange-commons-java-0.2.19.jar
2022-04-16 21:37:30,872 INFO org.springframework.boot.logging.DeferredLog [restartedMain] Devtools property defaults active! Set 'spring.devtools.add-properties' to 'false' to disable
2022-04-16 21:37:30,872 INFO org.springframework.boot.logging.DeferredLog [restartedMain] For additional web related logging consider setting the 'logging.level.web' property to 'DEBUG'
2022-04-16 21:37:31,209 INFO org.springframework.data.repository.config.RepositoryConfigurationDelegate [restartedMain] Bootstrapping Spring Data JPA repositories in DEFAULT mode.
2022-04-16 21:37:31,240 INFO org.springframework.data.repository.config.RepositoryConfigurationDelegate [restartedMain] Finished Spring Data repository scanning in 26 ms. Found 5 JPA repository interfaces.
2022-04-16 21:37:31,528 INFO org.springframework.boot.web.embedded.tomcat.TomcatWebServer [restartedMain] Tomcat initialized with port(s): 8080 (http)
2022-04-16 21:37:31,534 INFO org.apache.juli.logging.DirectJDKLog [restartedMain] Initializing ProtocolHandler ["http-nio-8080"]
2022-04-16 21:37:31,534 INFO org.apache.juli.logging.DirectJDKLog [restartedMain] Starting service [Tomcat]
2022-04-16 21:37:31,534 INFO org.apache.juli.logging.DirectJDKLog [restartedMain] Starting Servlet engine: [Apache Tomcat/9.0.60]
2022-04-16 21:37:31,567 INFO org.apache.juli.logging.DirectJDKLog [restartedMain] Initializing Spring embedded WebApplicationContext
2022-04-16 21:37:31,567 INFO org.springframework.boot.web.servlet.context.ServletWebServerApplicationContext [restartedMain] Root WebApplicationContext: initialization completed in 695 ms
