2022-04-21 11:19:01,832 INFO org.apache.juli.logging.DirectJDKLog [http-nio-8080-exec-1] Initializing Spring DispatcherServlet 'dispatcherServlet'
2022-04-21 11:19:01,833 INFO org.springframework.web.servlet.FrameworkServlet [http-nio-8080-exec-1] Initializing Servlet 'dispatcherServlet'
2022-04-21 11:19:01,834 INFO org.springframework.web.servlet.FrameworkServlet [http-nio-8080-exec-1] Completed initialization in 1 ms
2022-04-21 11:19:04,354 INFO com.onlinecourse.utils.Log [http-nio-8080-exec-2] fetching all courses
2022-04-21 11:19:20,117 INFO com.onlinecourse.utils.Log [http-nio-8080-exec-7] LOGGING OUT USER: duterte
2022-04-21 11:19:28,440 INFO com.onlinecourse.utils.Log [http-nio-8080-exec-2] fetching all courses
2022-04-21 11:19:29,916 INFO com.onlinecourse.utils.Log [http-nio-8080-exec-3] fetching all Roles
2022-04-21 11:19:29,924 INFO com.onlinecourse.utils.Log [http-nio-8080-exec-3] fetching all places
2022-04-21 11:19:32,482 INFO com.onlinecourse.utils.Log [http-nio-8080-exec-4] fetching all courses
2022-04-21 11:19:36,925 INFO com.onlinecourse.utils.Log [http-nio-8080-exec-6] fetching all courses
2022-04-21 11:19:53,501 INFO com.onlinecourse.utils.Log [http-nio-8080-exec-7] LOGGING OUT USER: joebiden
2022-04-21 11:20:47,205 INFO com.onlinecourse.utils.Log [http-nio-8080-exec-3] fetching all Roles
2022-04-21 11:20:47,209 INFO com.onlinecourse.utils.Log [http-nio-8080-exec-3] fetching all places
2022-04-21 11:20:56,901 INFO com.onlinecourse.utils.Log [http-nio-8080-exec-5] fetching all Roles
2022-04-21 11:20:56,903 INFO com.onlinecourse.utils.Log [http-nio-8080-exec-5] fetching all places
2022-04-21 11:21:04,294 INFO com.onlinecourse.utils.Log [http-nio-8080-exec-6] fetching all Roles
2022-04-21 11:21:04,297 INFO com.onlinecourse.utils.Log [http-nio-8080-exec-6] fetching all places
2022-04-21 11:22:40,984 INFO org.springframework.orm.jpa.AbstractEntityManagerFactoryBean [Thread-75] Closing JPA EntityManagerFactory for persistence unit 'default'
2022-04-21 11:22:40,985 INFO com.zaxxer.hikari.HikariDataSource [Thread-75] HikariPool-20 - Shutdown initiated...
2022-04-21 11:22:40,985 INFO com.zaxxer.hikari.HikariDataSource [Thread-75] HikariPool-20 - Shutdown completed.
2022-04-21 11:22:41,240 INFO org.springframework.boot.StartupInfoLogger [restartedMain] Starting OnlinecourseApplication using Java 17.0.2 on FSTAdmins-MacBook-Pro.local with PID 3190 (/Users/fst.user/Documents/workspace-sts/onlinecourse/target/classes started by fst.user in /Users/fst.user/Documents/workspace-sts/onlinecourse)
2022-04-21 11:22:41,240 INFO org.springframework.boot.SpringApplication [restartedMain] No active profile set, falling back to 1 default profile: "default"
2022-04-21 11:22:41,331 INFO org.springframework.data.repository.config.RepositoryConfigurationDelegate [restartedMain] Bootstrapping Spring Data JPA repositories in DEFAULT mode.
2022-04-21 11:22:41,338 INFO org.springframework.data.repository.config.RepositoryConfigurationDelegate [restartedMain] Finished Spring Data repository scanning in 7 ms. Found 5 JPA repository interfaces.
2022-04-21 11:22:41,374 INFO org.springframework.boot.web.embedded.tomcat.TomcatWebServer [restartedMain] Tomcat initialized with port(s): 8080 (http)
2022-04-21 11:22:41,375 INFO org.apache.juli.logging.DirectJDKLog [restartedMain] Initializing ProtocolHandler ["http-nio-8080"]
2022-04-21 11:22:41,375 INFO org.apache.juli.logging.DirectJDKLog [restartedMain] Starting service [Tomcat]
2022-04-21 11:22:41,375 INFO org.apache.juli.logging.DirectJDKLog [restartedMain] Starting Servlet engine: [Apache Tomcat/9.0.60]
2022-04-21 11:22:41,378 INFO org.apache.juli.logging.DirectJDKLog [restartedMain] Initializing Spring embedded WebApplicationContext
2022-04-21 11:22:41,378 INFO org.springframework.boot.web.servlet.context.ServletWebServerApplicationContext [restartedMain] Root WebApplicationContext: initialization completed in 136 ms
2022-04-21 11:22:41,392 INFO com.zaxxer.hikari.HikariDataSource [restartedMain] HikariPool-21 - Starting...
2022-04-21 11:22:41,395 INFO com.zaxxer.hikari.HikariDataSource [restartedMain] HikariPool-21 - Start completed.
2022-04-21 11:22:41,397 INFO org.hibernate.jpa.internal.util.LogHelper [restartedMain] HHH000204: Processing PersistenceUnitInfo [name: default]
2022-04-21 11:22:41,399 INFO org.hibernate.dialect.Dialect [restartedMain] HHH000400: Using dialect: org.hibernate.dialect.MySQL8Dialect
2022-04-21 11:22:41,416 INFO org.hibernate.engine.transaction.jta.platform.internal.JtaPlatformInitiator [restartedMain] HHH000490: Using JtaPlatform implementation: [org.hibernate.engine.transaction.jta.platform.internal.NoJtaPlatform]
2022-04-21 11:22:41,417 INFO org.springframework.orm.jpa.AbstractEntityManagerFactoryBean [restartedMain] Initialized JPA EntityManagerFactory for persistence unit 'default'
2022-04-21 11:22:41,482 WARN org.springframework.boot.autoconfigure.orm.jpa.JpaBaseConfiguration$JpaWebConfiguration [restartedMain] spring.jpa.open-in-view is enabled by default. Therefore, database queries may be performed during view rendering. Explicitly configure spring.jpa.open-in-view to disable this warning
2022-04-21 11:22:41,491 WARN org.springframework.context.support.AbstractApplicationContext [restartedMain] Exception encountered during context initialization - cancelling refresh attempt: org.springframework.beans.factory.BeanCreationException: Error creating bean with name 'adminModController' defined in file [/Users/fst.user/Documents/workspace-sts/onlinecourse/target/classes/com/onlinecourse/controller/AdminModController.class]: Bean instantiation via constructor failed; nested exception is org.springframework.beans.BeanInstantiationException: Failed to instantiate [com.onlinecourse.controller.AdminModController]: Constructor threw exception; nested exception is java.lang.Error: Unresolved compilation problems: 
	roleService cannot be resolved
	placeService cannot be resolved
	roleService cannot be resolved
	placeService cannot be resolved
	Cannot infer type argument(s) for <R> map(Function<? super T,? extends R>)
	roleService cannot be resolved

2022-04-21 11:22:41,491 INFO org.springframework.orm.jpa.AbstractEntityManagerFactoryBean [restartedMain] Closing JPA EntityManagerFactory for persistence unit 'default'
2022-04-21 11:22:41,492 INFO com.zaxxer.hikari.HikariDataSource [restartedMain] HikariPool-21 - Shutdown initiated...
2022-04-21 11:22:41,492 INFO com.zaxxer.hikari.HikariDataSource [restartedMain] HikariPool-21 - Shutdown completed.
2022-04-21 11:22:41,492 INFO org.apache.juli.logging.DirectJDKLog [restartedMain] Stopping service [Tomcat]
2022-04-21 11:22:41,494 INFO org.springframework.boot.autoconfigure.logging.ConditionEvaluationReportLoggingListener [restartedMain] 

Error starting ApplicationContext. To display the conditions report re-run your application with 'debug' enabled.
2022-04-21 11:22:41,495 ERROR org.springframework.boot.SpringApplication [restartedMain] Application run failed
org.springframework.beans.factory.BeanCreationException: Error creating bean with name 'adminModController' defined in file [/Users/fst.user/Documents/workspace-sts/onlinecourse/target/classes/com/onlinecourse/controller/AdminModController.class]: Bean instantiation via constructor failed; nested exception is org.springframework.beans.BeanInstantiationException: Failed to instantiate [com.onlinecourse.controller.AdminModController]: Constructor threw exception; nested exception is java.lang.Error: Unresolved compilation problems: 
	roleService cannot be resolved
	placeService cannot be resolved
	roleService cannot be resolved
	placeService cannot be resolved
	Cannot infer type argument(s) for <R> map(Function<? super T,? extends R>)
	roleService cannot be resolved

	at org.springframework.beans.factory.support.ConstructorResolver.instantiate(ConstructorResolver.java:315)
	at org.springframework.beans.factory.support.ConstructorResolver.autowireConstructor(ConstructorResolver.java:296)
	at org.springframework.beans.factory.support.AbstractAutowireCapableBeanFactory.autowireConstructor(AbstractAutowireCapableBeanFactory.java:1372)
	at org.springframework.beans.factory.support.AbstractAutowireCapableBeanFactory.createBeanInstance(AbstractAutowireCapableBeanFactory.java:1222)
	at org.springframework.beans.factory.support.AbstractAutowireCapableBeanFactory.doCreateBean(AbstractAutowireCapableBeanFactory.java:582)
	at org.springframework.beans.factory.support.AbstractAutowireCapableBeanFactory.createBean(AbstractAutowireCapableBeanFactory.java:542)
	at org.springframework.beans.factory.support.AbstractBeanFactory.lambda$doGetBean$0(AbstractBeanFactory.java:335)
	at org.springframework.beans.factory.support.DefaultSingletonBeanRegistry.getSingleton(DefaultSingletonBeanRegistry.java:234)
	at org.springframework.beans.factory.support.AbstractBeanFactory.doGetBean(AbstractBeanFactory.java:333)
	at org.springframework.beans.factory.support.AbstractBeanFactory.getBean(AbstractBeanFactory.java:208)
	at org.springframework.beans.factory.support.DefaultListableBeanFactory.preInstantiateSingletons(DefaultListableBeanFactory.java:953)
	at org.springframework.context.support.AbstractApplicationContext.finishBeanFactoryInitialization(AbstractApplicationContext.java:918)
	at org.springframework.context.support.AbstractApplicationContext.refresh(AbstractApplicationContext.java:583)
	at org.springframework.boot.web.servlet.context.ServletWebServerApplicationContext.refresh(ServletWebServerApplicationContext.java:145)
	at org.springframework.boot.SpringApplication.refresh(SpringApplication.java:740)
	at org.springframework.boot.SpringApplication.refreshContext(SpringApplication.java:415)
	at org.springframework.boot.SpringApplication.run(SpringApplication.java:303)
	at org.springframework.boot.SpringApplication.run(SpringApplication.java:1312)
	at org.springframework.boot.SpringApplication.run(SpringApplication.java:1301)
	at com.onlinecourse.OnlinecourseApplication.main(OnlinecourseApplication.java:21)
	at java.base/jdk.internal.reflect.NativeMethodAccessorImpl.invoke0(Native Method)
	at java.base/jdk.internal.reflect.NativeMethodAccessorImpl.invoke(NativeMethodAccessorImpl.java:77)
	at java.base/jdk.internal.reflect.DelegatingMethodAccessorImpl.invoke(DelegatingMethodAccessorImpl.java:43)
	at java.base/java.lang.reflect.Method.invoke(Method.java:568)
	at org.springframework.boot.devtools.restart.RestartLauncher.run(RestartLauncher.java:49)
Caused by: org.springframework.beans.BeanInstantiationException: Failed to instantiate [com.onlinecourse.controller.AdminModController]: Constructor threw exception; nested exception is java.lang.Error: Unresolved compilation problems: 
	roleService cannot be resolved
	placeService cannot be resolved
	roleService cannot be resolved
	placeService cannot be resolved
	Cannot infer type argument(s) for <R> map(Function<? super T,? extends R>)
	roleService cannot be resolved

	at org.springframework.beans.BeanUtils.instantiateClass(BeanUtils.java:224)
	at org.springframework.beans.factory.support.SimpleInstantiationStrategy.instantiate(SimpleInstantiationStrategy.java:117)
	at org.springframework.beans.factory.support.ConstructorResolver.instantiate(ConstructorResolver.java:311)
	... 24 common frames omitted
Caused by: java.lang.Error: Unresolved compilation problems: 
	roleService cannot be resolved
	placeService cannot be resolved
	roleService cannot be resolved
	placeService cannot be resolved
	Cannot infer type argument(s) for <R> map(Function<? super T,? extends R>)
	roleService cannot be resolved

	at com.onlinecourse.controller.AdminModController.<init>(AdminModController.java:85)
	at java.base/jdk.internal.reflect.NativeConstructorAccessorImpl.newInstance0(Native Method)
	at java.base/jdk.internal.reflect.NativeConstructorAccessorImpl.newInstance(NativeConstructorAccessorImpl.java:77)
	at java.base/jdk.internal.reflect.DelegatingConstructorAccessorImpl.newInstance(DelegatingConstructorAccessorImpl.java:45)
	at java.base/java.lang.reflect.Constructor.newInstanceWithCaller(Constructor.java:499)
	at java.base/java.lang.reflect.Constructor.newInstance(Constructor.java:480)
	at org.springframework.beans.BeanUtils.instantiateClass(BeanUtils.java:211)
	... 26 common frames omitted
2022-04-21 11:23:42,794 INFO org.springframework.boot.StartupInfoLogger [restartedMain] Starting OnlinecourseApplication using Java 17.0.2 on FSTAdmins-MacBook-Pro.local with PID 3190 (/Users/fst.user/Documents/workspace-sts/onlinecourse/target/classes started by fst.user in /Users/fst.user/Documents/workspace-sts/onlinecourse)
2022-04-21 11:23:42,794 INFO org.springframework.boot.SpringApplication [restartedMain] No active profile set, falling back to 1 default profile: "default"
2022-04-21 11:23:42,867 INFO org.springframework.data.repository.config.RepositoryConfigurationDelegate [restartedMain] Bootstrapping Spring Data JPA repositories in DEFAULT mode.
2022-04-21 11:23:42,875 INFO org.springframework.data.repository.config.RepositoryConfigurationDelegate [restartedMain] Finished Spring Data repository scanning in 8 ms. Found 5 JPA repository interfaces.
2022-04-21 11:23:42,908 INFO org.springframework.boot.web.embedded.tomcat.TomcatWebServer [restartedMain] Tomcat initialized with port(s): 8080 (http)
2022-04-21 11:23:42,909 INFO org.apache.juli.logging.DirectJDKLog [restartedMain] Initializing ProtocolHandler ["http-nio-8080"]
2022-04-21 11:23:42,909 INFO org.apache.juli.logging.DirectJDKLog [restartedMain] Starting service [Tomcat]
2022-04-21 11:23:42,909 INFO org.apache.juli.logging.DirectJDKLog [restartedMain] Starting Servlet engine: [Apache Tomcat/9.0.60]
2022-04-21 11:23:42,912 INFO org.apache.juli.logging.DirectJDKLog [restartedMain] Initializing Spring embedded WebApplicationContext
2022-04-21 11:23:42,912 INFO org.springframework.boot.web.servlet.context.ServletWebServerApplicationContext [restartedMain] Root WebApplicationContext: initialization completed in 117 ms
2022-04-21 11:23:42,926 INFO com.zaxxer.hikari.HikariDataSource [restartedMain] HikariPool-22 - Starting...
2022-04-21 11:23:42,929 INFO com.zaxxer.hikari.HikariDataSource [restartedMain] HikariPool-22 - Start completed.
2022-04-21 11:23:42,931 INFO org.hibernate.jpa.internal.util.LogHelper [restartedMain] HHH000204: Processing PersistenceUnitInfo [name: default]
2022-04-21 11:23:42,932 INFO org.hibernate.dialect.Dialect [restartedMain] HHH000400: Using dialect: org.hibernate.dialect.MySQL8Dialect
2022-04-21 11:23:42,948 INFO org.hibernate.engine.transaction.jta.platform.internal.JtaPlatformInitiator [restartedMain] HHH000490: Using JtaPlatform implementation: [org.hibernate.engine.transaction.jta.platform.internal.NoJtaPlatform]
