2022-04-12 17:16:12,044 INFO org.springframework.orm.jpa.AbstractEntityManagerFactoryBean [Thread-19] Closing JPA EntityManagerFactory for persistence unit 'default'
2022-04-12 17:16:12,053 INFO com.zaxxer.hikari.HikariDataSource [Thread-19] HikariPool-5 - Shutdown initiated...
2022-04-12 17:16:12,055 INFO com.zaxxer.hikari.HikariDataSource [Thread-19] HikariPool-5 - Shutdown completed.
2022-04-12 17:16:12,315 INFO org.springframework.boot.StartupInfoLogger [restartedMain] Starting OnlinecourseApplication using Java 17.0.2 on FSTAdmins-MacBook-Pro.local with PID 14078 (/Users/fst.user/Documents/workspace-spring-tool-suite-4-4.14.0.RELEASE/onlinecourse/target/classes started by fst.user in /Users/fst.user/Documents/workspace-spring-tool-suite-4-4.14.0.RELEASE/onlinecourse)
2022-04-12 17:16:12,315 INFO org.springframework.boot.SpringApplication [restartedMain] No active profile set, falling back to 1 default profile: "default"
2022-04-12 17:16:12,380 INFO org.springframework.data.repository.config.RepositoryConfigurationDelegate [restartedMain] Bootstrapping Spring Data JPA repositories in DEFAULT mode.
2022-04-12 17:16:12,388 INFO org.springframework.data.repository.config.RepositoryConfigurationDelegate [restartedMain] Finished Spring Data repository scanning in 7 ms. Found 4 JPA repository interfaces.
2022-04-12 17:16:12,412 INFO org.springframework.boot.web.embedded.tomcat.TomcatWebServer [restartedMain] Tomcat initialized with port(s): 8080 (http)
2022-04-12 17:16:12,413 INFO org.apache.juli.logging.DirectJDKLog [restartedMain] Initializing ProtocolHandler ["http-nio-8080"]
2022-04-12 17:16:12,413 INFO org.apache.juli.logging.DirectJDKLog [restartedMain] Starting service [Tomcat]
2022-04-12 17:16:12,413 INFO org.apache.juli.logging.DirectJDKLog [restartedMain] Starting Servlet engine: [Apache Tomcat/9.0.60]
2022-04-12 17:16:12,417 INFO org.apache.juli.logging.DirectJDKLog [restartedMain] Initializing Spring embedded WebApplicationContext
2022-04-12 17:16:12,417 INFO org.springframework.boot.web.servlet.context.ServletWebServerApplicationContext [restartedMain] Root WebApplicationContext: initialization completed in 101 ms
2022-04-12 17:16:12,426 INFO com.zaxxer.hikari.HikariDataSource [restartedMain] HikariPool-6 - Starting...
2022-04-12 17:16:12,435 INFO com.zaxxer.hikari.HikariDataSource [restartedMain] HikariPool-6 - Start completed.
2022-04-12 17:16:12,437 INFO org.hibernate.jpa.internal.util.LogHelper [restartedMain] HHH000204: Processing PersistenceUnitInfo [name: default]
2022-04-12 17:16:12,439 INFO org.hibernate.dialect.Dialect [restartedMain] HHH000400: Using dialect: org.hibernate.dialect.MySQL8Dialect
2022-04-12 17:16:12,460 INFO org.hibernate.engine.transaction.jta.platform.internal.JtaPlatformInitiator [restartedMain] HHH000490: Using JtaPlatform implementation: [org.hibernate.engine.transaction.jta.platform.internal.NoJtaPlatform]
2022-04-12 17:16:12,460 INFO org.springframework.orm.jpa.AbstractEntityManagerFactoryBean [restartedMain] Initialized JPA EntityManagerFactory for persistence unit 'default'
2022-04-12 17:16:12,504 WARN org.springframework.boot.autoconfigure.orm.jpa.JpaBaseConfiguration$JpaWebConfiguration [restartedMain] spring.jpa.open-in-view is enabled by default. Therefore, database queries may be performed during view rendering. Explicitly configure spring.jpa.open-in-view to disable this warning
2022-04-12 17:16:12,512 INFO org.springframework.security.web.DefaultSecurityFilterChain [restartedMain] Will not secure any request
2022-04-12 17:16:12,524 INFO org.springframework.boot.autoconfigure.web.servlet.WelcomePageHandlerMapping [restartedMain] Adding welcome page: class path resource [static/index.html]
2022-04-12 17:16:12,538 INFO org.springframework.boot.devtools.autoconfigure.OptionalLiveReloadServer [restartedMain] LiveReload server is running on port 35729
2022-04-12 17:16:12,540 INFO org.apache.juli.logging.DirectJDKLog [restartedMain] Starting ProtocolHandler ["http-nio-8080"]
2022-04-12 17:16:12,540 INFO org.springframework.boot.web.embedded.tomcat.TomcatWebServer [restartedMain] Tomcat started on port(s): 8080 (http) with context path '/onlinecourse'
2022-04-12 17:16:12,542 INFO org.springframework.boot.StartupInfoLogger [restartedMain] Started OnlinecourseApplication in 0.427 seconds (JVM running for 685.575)
2022-04-12 17:16:12,542 INFO org.springframework.boot.devtools.autoconfigure.ConditionEvaluationDeltaLoggingListener [restartedMain] Condition evaluation unchanged
2022-04-12 17:16:33,814 INFO org.apache.juli.logging.DirectJDKLog [http-nio-8080-exec-1] Initializing Spring DispatcherServlet 'dispatcherServlet'
2022-04-12 17:16:33,814 INFO org.springframework.web.servlet.FrameworkServlet [http-nio-8080-exec-1] Initializing Servlet 'dispatcherServlet'
2022-04-12 17:16:33,815 INFO org.springframework.web.servlet.FrameworkServlet [http-nio-8080-exec-1] Completed initialization in 1 ms
2022-04-12 17:20:45,914 INFO org.springframework.orm.jpa.AbstractEntityManagerFactoryBean [Thread-23] Closing JPA EntityManagerFactory for persistence unit 'default'
2022-04-12 17:20:45,917 INFO com.zaxxer.hikari.HikariDataSource [Thread-23] HikariPool-6 - Shutdown initiated...
2022-04-12 17:20:45,919 INFO com.zaxxer.hikari.HikariDataSource [Thread-23] HikariPool-6 - Shutdown completed.
2022-04-12 17:20:46,197 INFO org.springframework.boot.StartupInfoLogger [restartedMain] Starting OnlinecourseApplication using Java 17.0.2 on FSTAdmins-MacBook-Pro.local with PID 14078 (/Users/fst.user/Documents/workspace-spring-tool-suite-4-4.14.0.RELEASE/onlinecourse/target/classes started by fst.user in /Users/fst.user/Documents/workspace-spring-tool-suite-4-4.14.0.RELEASE/onlinecourse)
2022-04-12 17:20:46,198 INFO org.springframework.boot.SpringApplication [restartedMain] No active profile set, falling back to 1 default profile: "default"
2022-04-12 17:20:46,256 INFO org.springframework.data.repository.config.RepositoryConfigurationDelegate [restartedMain] Bootstrapping Spring Data JPA repositories in DEFAULT mode.
2022-04-12 17:20:46,263 INFO org.springframework.data.repository.config.RepositoryConfigurationDelegate [restartedMain] Finished Spring Data repository scanning in 6 ms. Found 4 JPA repository interfaces.
2022-04-12 17:20:46,286 INFO org.springframework.boot.web.embedded.tomcat.TomcatWebServer [restartedMain] Tomcat initialized with port(s): 8080 (http)
2022-04-12 17:20:46,287 INFO org.apache.juli.logging.DirectJDKLog [restartedMain] Initializing ProtocolHandler ["http-nio-8080"]
2022-04-12 17:20:46,287 INFO org.apache.juli.logging.DirectJDKLog [restartedMain] Starting service [Tomcat]
2022-04-12 17:20:46,287 INFO org.apache.juli.logging.DirectJDKLog [restartedMain] Starting Servlet engine: [Apache Tomcat/9.0.60]
2022-04-12 17:20:46,292 INFO org.apache.juli.logging.DirectJDKLog [restartedMain] Initializing Spring embedded WebApplicationContext
2022-04-12 17:20:46,292 INFO org.springframework.boot.web.servlet.context.ServletWebServerApplicationContext [restartedMain] Root WebApplicationContext: initialization completed in 93 ms
2022-04-12 17:20:46,300 INFO com.zaxxer.hikari.HikariDataSource [restartedMain] HikariPool-7 - Starting...
2022-04-12 17:20:46,303 INFO com.zaxxer.hikari.HikariDataSource [restartedMain] HikariPool-7 - Start completed.
2022-04-12 17:20:46,305 INFO org.hibernate.jpa.internal.util.LogHelper [restartedMain] HHH000204: Processing PersistenceUnitInfo [name: default]
2022-04-12 17:20:46,306 INFO org.hibernate.dialect.Dialect [restartedMain] HHH000400: Using dialect: org.hibernate.dialect.MySQL8Dialect
2022-04-12 17:20:46,326 INFO org.hibernate.engine.transaction.jta.platform.internal.JtaPlatformInitiator [restartedMain] HHH000490: Using JtaPlatform implementation: [org.hibernate.engine.transaction.jta.platform.internal.NoJtaPlatform]
2022-04-12 17:20:46,326 INFO org.springframework.orm.jpa.AbstractEntityManagerFactoryBean [restartedMain] Initialized JPA EntityManagerFactory for persistence unit 'default'
2022-04-12 17:20:46,369 WARN org.springframework.boot.autoconfigure.orm.jpa.JpaBaseConfiguration$JpaWebConfiguration [restartedMain] spring.jpa.open-in-view is enabled by default. Therefore, database queries may be performed during view rendering. Explicitly configure spring.jpa.open-in-view to disable this warning
2022-04-12 17:20:46,376 INFO org.springframework.security.web.DefaultSecurityFilterChain [restartedMain] Will not secure any request
2022-04-12 17:20:46,387 INFO org.springframework.boot.autoconfigure.web.servlet.WelcomePageHandlerMapping [restartedMain] Adding welcome page: class path resource [static/index.html]
2022-04-12 17:20:46,398 INFO org.springframework.boot.devtools.autoconfigure.OptionalLiveReloadServer [restartedMain] LiveReload server is running on port 35729
2022-04-12 17:20:46,400 INFO org.apache.juli.logging.DirectJDKLog [restartedMain] Starting ProtocolHandler ["http-nio-8080"]
2022-04-12 17:20:46,401 INFO org.springframework.boot.web.embedded.tomcat.TomcatWebServer [restartedMain] Tomcat started on port(s): 8080 (http) with context path '/onlinecourse'
2022-04-12 17:20:46,404 INFO org.springframework.boot.StartupInfoLogger [restartedMain] Started OnlinecourseApplication in 0.427 seconds (JVM running for 959.433)
2022-04-12 17:20:46,404 INFO org.springframework.boot.devtools.autoconfigure.ConditionEvaluationDeltaLoggingListener [restartedMain] Condition evaluation unchanged
2022-04-12 17:20:54,107 INFO org.apache.juli.logging.DirectJDKLog [http-nio-8080-exec-1] Initializing Spring DispatcherServlet 'dispatcherServlet'
2022-04-12 17:20:54,107 INFO org.springframework.web.servlet.FrameworkServlet [http-nio-8080-exec-1] Initializing Servlet 'dispatcherServlet'
2022-04-12 17:20:54,108 INFO org.springframework.web.servlet.FrameworkServlet [http-nio-8080-exec-1] Completed initialization in 1 ms
2022-04-12 17:22:23,141 INFO org.springframework.orm.jpa.AbstractEntityManagerFactoryBean [Thread-27] Closing JPA EntityManagerFactory for persistence unit 'default'
2022-04-12 17:22:23,142 INFO com.zaxxer.hikari.HikariDataSource [Thread-27] HikariPool-7 - Shutdown initiated...
2022-04-12 17:22:23,143 INFO com.zaxxer.hikari.HikariDataSource [Thread-27] HikariPool-7 - Shutdown completed.
2022-04-12 17:22:23,198 INFO org.springframework.boot.StartupInfoLogger [restartedMain] Starting OnlinecourseApplication using Java 17.0.2 on FSTAdmins-MacBook-Pro.local with PID 14078 (/Users/fst.user/Documents/workspace-spring-tool-suite-4-4.14.0.RELEASE/onlinecourse/target/classes started by fst.user in /Users/fst.user/Documents/workspace-spring-tool-suite-4-4.14.0.RELEASE/onlinecourse)
2022-04-12 17:22:23,198 INFO org.springframework.boot.SpringApplication [restartedMain] No active profile set, falling back to 1 default profile: "default"
2022-04-12 17:22:23,245 INFO org.springframework.data.repository.config.RepositoryConfigurationDelegate [restartedMain] Bootstrapping Spring Data JPA repositories in DEFAULT mode.
2022-04-12 17:22:23,253 INFO org.springframework.data.repository.config.RepositoryConfigurationDelegate [restartedMain] Finished Spring Data repository scanning in 7 ms. Found 4 JPA repository interfaces.
2022-04-12 17:22:23,274 INFO org.springframework.boot.web.embedded.tomcat.TomcatWebServer [restartedMain] Tomcat initialized with port(s): 8080 (http)
2022-04-12 17:22:23,274 INFO org.apache.juli.logging.DirectJDKLog [restartedMain] Initializing ProtocolHandler ["http-nio-8080"]
2022-04-12 17:22:23,274 INFO org.apache.juli.logging.DirectJDKLog [restartedMain] Starting service [Tomcat]
2022-04-12 17:22:23,274 INFO org.apache.juli.logging.DirectJDKLog [restartedMain] Starting Servlet engine: [Apache Tomcat/9.0.60]
2022-04-12 17:22:23,278 INFO org.apache.juli.logging.DirectJDKLog [restartedMain] Initializing Spring embedded WebApplicationContext
2022-04-12 17:22:23,278 INFO org.springframework.boot.web.servlet.context.ServletWebServerApplicationContext [restartedMain] Root WebApplicationContext: initialization completed in 80 ms
2022-04-12 17:22:23,285 INFO com.zaxxer.hikari.HikariDataSource [restartedMain] HikariPool-8 - Starting...
2022-04-12 17:22:23,288 INFO com.zaxxer.hikari.HikariDataSource [restartedMain] HikariPool-8 - Start completed.
2022-04-12 17:22:23,289 INFO org.hibernate.jpa.internal.util.LogHelper [restartedMain] HHH000204: Processing PersistenceUnitInfo [name: default]
2022-04-12 17:22:23,290 INFO org.hibernate.dialect.Dialect [restartedMain] HHH000400: Using dialect: org.hibernate.dialect.MySQL8Dialect
2022-04-12 17:22:23,308 INFO org.hibernate.engine.transaction.jta.platform.internal.JtaPlatformInitiator [restartedMain] HHH000490: Using JtaPlatform implementation: [org.hibernate.engine.transaction.jta.platform.internal.NoJtaPlatform]
